total 6632
  12 drwxr-x--- 74 wwwtefac nobody     12288 Jun 26 17:00 ./
   4 drwxr-xr-x 36 wwwtefac wwwtefac    4096 Jun 18 10:42 ../
   4 -rw-r--r--  1 wwwtefac wwwtefac    3561 Jul 15  2014 abrecierra.html
   8 -rw-r--r--  1 wwwtefac wwwtefac    5532 Jun 13 12:10 AgregarContrato.php
   8 -rw-r--r--  1 wwwtefac wwwtefac    5532 Jun 13 12:10 AgregarPagoFacturacion.php
   8 -rw-r--r--  1 wwwtefac wwwtefac    5532 Jun 13 12:09 AgregarProductoFacturacion.php
   8 -rw-r--r--  1 wwwtefac wwwtefac    5532 Jun 13 11:55 agregarRegistroCliente.php
   8 -rw-r--r--  1 wwwtefac wwwtefac    5532 Jun 13 12:09 AgregarRegistroFacturacion.php
   8 -rw-r--r--  1 wwwtefac wwwtefac    5532 Jun 13 12:08 AgregarRegistroPagosFacturacion.php
   8 -rw-r--r--  1 wwwtefac wwwtefac    5532 Jun 13 12:08 AgregarRegistroUsuarioFacturacion.php
   8 -rw-r--r--  1 wwwtefac wwwtefac    5532 Jun 13 12:08 AgregarUsuario.php
 124 -rw-r--r--  1 wwwtefac wwwtefac  125392 Jun 24  2014 AldoApp.zip
  84 -rw-r--r--  1 wwwtefac wwwtefac   86016 Jun 24  2014 AldoContiOficinasB.exe
  80 -rw-r--r--  1 wwwtefac wwwtefac   81920 Jun 24  2014 AldoContiOficinasBN.exe
  84 -rw-r--r--  1 wwwtefac wwwtefac   86016 Jun 24  2014 AldoContiOficinasColor2.exe
4244 -rw-r--r--  1 wwwtefac wwwtefac 4345846 Jun 20  2014 AldoConti.zip
   8 -rw-r--r--  1 wwwtefac wwwtefac    5532 Jun 13 12:08 AntesPagoPayPal2.php
   8 -rw-r--r--  1 wwwtefac wwwtefac    5532 Jun 13 12:08 AntesPagoPayPal.php
   8 -rw-r--r--  1 wwwtefac wwwtefac    4292 Feb 25  2013 archivo3.xml
   4 drwxr-xr-x 12 wwwtefac wwwtefac    4096 Jun 21  2016 asecco/
  48 -rw-r--r--  1 wwwtefac wwwtefac   46334 Sep 23  2013 AvisoPrivacidad.pdf
   4 drwxr-x---  4 wwwtefac nobody      4096 Jan 11 23:12 blog/
   4 drwxr-xr-x  2 wwwtefac wwwtefac    4096 Apr 10  2015 blogs/
   4 drwxr-xr-x  8 wwwtefac wwwtefac    4096 Dec 20  2014 blueimp/
   4 drwxr-xr-x  4 wwwtefac wwwtefac    4096 Sep 21  2015 Boletas/
   4 drwxr-xr-x  5 wwwtefac wwwtefac    4096 Oct 15  2019 bootstrap-datepicker/
   4 drwxr-xr-x 10 wwwtefac wwwtefac    4096 Oct 15  2019 bootstrap-datetimepicker-master/
   4 drwxr-xr-x  4 wwwtefac wwwtefac    4096 Jun 11  2014 Cancelacion/
   4 -rw-r--r--  1 wwwtefac wwwtefac    3408 Jun 10  2014 cancelacion_request_paso3.xml
   4 drwxr-xr-x  3 wwwtefac wwwtefac    4096 May 13  2013 Captcha/
   8 -rw-r--r--  1 wwwtefac wwwtefac    5532 Jun 13 12:07 CapturarDatosDeIngresoError.php
   8 -rw-r--r--  1 wwwtefac wwwtefac    5532 Jun 13 12:07 CapturarDatosDeIngreso.php
   8 -rw-r--r--  1 wwwtefac wwwtefac    5532 Jun 13 12:07 CapturarDatosRecuperarPass.php
   4 -rw-r--r--  1 wwwtefac wwwtefac    3055 Jul 31  2014 CapturarImagen.html
   8 -rw-r--r--  1 wwwtefac wwwtefac    5532 Jun 13 12:07 CargarCertificados-Bueno.php
   8 -rw-r--r--  1 wwwtefac wwwtefac    5532 Jun 13 12:06 CargarCertificadosManual.php
   8 -rw-r--r--  1 wwwtefac wwwtefac    5532 Jun 13 12:06 CargarCertificados.php
   4 drwxr-xr-x  4 wwwtefac wwwtefac    4096 Feb 21  2018 Catalogo/
   4 drwxrwxrwx  2 wwwtefac wwwtefac    4096 Dec  5  2017 CertificadosCer/
   4 -rw-r--r--  1 wwwtefac wwwtefac    1144 Apr 30  2013 CertificadosCerCER_PERV8408012W2.cer
   4 -rw-r--r--  1 wwwtefac wwwtefac    1144 Apr 30  2013 CertificadosCerCER_RFC.cer
   4 drwxrwxrwx  5 wwwtefac wwwtefac    4096 Dec  5  2017 CertificadosKey/
   4 -rw-r--r--  1 wwwtefac wwwtefac     714 Apr 30  2013 CertificadosKeyKEY_PERV8408012W2.key
   4 drwxr-xr-x  2 wwwtefac wwwtefac    4096 May  4  2013 CFDI/
   4 drwxr-xr-x  2 wwwtefac wwwtefac    4096 Jan 17  2017 cgi-bin/
   8 -rw-r--r--  1 wwwtefac wwwtefac    5532 Jun 13 11:52 class.ConectorServisim.php
   8 -rw-r--r--  1 wwwtefac wwwtefac    5532 Jun 13 11:52 class.ezpdf.php
   8 -rw-r--r--  1 wwwtefac wwwtefac    5532 Jun 13 11:52 class.pdf.php
   8 -rw-r--r--  1 wwwtefac wwwtefac    5532 Jun 13 11:51 class.phpmailer.php
   8 -rw-r--r--  1 wwwtefac wwwtefac    5532 Jun 13 11:51 class.smtp.php
   4 drwxr-xr-x  4 wwwtefac wwwtefac    4096 Sep  5  2015 CobranzaNoticias/
  16 -rw-r--r--  1 wwwtefac wwwtefac   13141 Sep 23  2013 comienza.html
   8 -rw-r--r--  1 wwwtefac wwwtefac    8081 Dec 26  2012 comodo_secure_100x85_white.png
   8 -rw-r--r--  1 wwwtefac wwwtefac    7032 Dec 26  2012 comodo_secure_113x59_white.png
   8 -rw-r--r--  1 wwwtefac wwwtefac    5562 Dec 26  2012 comodo_secure_52x63_white.png
   4 drwxr-xr-x  5 wwwtefac wwwtefac    4096 Apr 26  2013 comparsa5/
  24 -rw-r--r--  1 wwwtefac wwwtefac   22495 Oct  4  2021 component-badge.html
  12 -rw-r--r--  1 wwwtefac wwwtefac    9907 Sep  1  2020 contacto.html
   8 -rw-r--r--  1 wwwtefac wwwtefac    5532 Jun 13 11:55 crearElemento.php
   8 -rw-r--r--  1 wwwtefac wwwtefac    5532 Jun 13 12:06 CrearTablaAleatoria.php
   8 -rw-r--r--  1 wwwtefac wwwtefac    5532 Jun 13 12:05 DandoAltaPreferencias.php
   8 -rw-r--r--  1 wwwtefac wwwtefac    5532 Jun 13 12:05 DandoAltaRegistroFacturacion.php
  20 drwxr-xr-x 18 wwwtefac wwwtefac   20480 Mar 21  2013 demo/
   4 drwxr-xr-x  2 wwwtefac wwwtefac    4096 Jul 20  2018 DocumentosFirmados/
   4 drwxr-xr-x  2 wwwtefac wwwtefac    4096 Jul 12  2018 DocumentosOriginales/
   4 drwxr-xr-x  9 wwwtefac wwwtefac    4096 Feb 25  2014 dropbox/
   4 drwxr-xr-x  3 wwwtefac wwwtefac    4096 Feb 25  2014 dropbox2/
  12 -rw-r--r--  1 wwwtefac wwwtefac   12288 Sep 23  2013 .DS_Store
   8 -rw-r--r--  1 wwwtefac wwwtefac    5532 Jun 13 12:05 EliminarPagoRegistroFacturacion.php
   8 -rw-r--r--  1 wwwtefac wwwtefac    8059 Sep 23  2013 empresa.html
   8 -rw-r--r--  1 wwwtefac wwwtefac    5532 Jun 13 12:05 EncabezadoFacturaPDF.php
   8 -rw-r--r--  1 wwwtefac wwwtefac    5532 Jun 13 12:05 EnviandoComprobantePagoFacturacion.php
   8 -rw-r--r--  1 wwwtefac wwwtefac    5532 Jun 13 12:05 EnviarComprobantePagoFacturacion2.php
   8 -rw-r--r--  1 wwwtefac wwwtefac    5532 Jun 13 12:03 EnviarComprobantePagoFacturacion44.php
   8 -rw-r--r--  1 wwwtefac wwwtefac    5532 Jun 13 12:04 EnviarComprobantePagoFacturacion4.php
   8 -rw-r--r--  1 wwwtefac wwwtefac    5532 Jun 13 12:05 EnviarComprobantePagoFacturacion.php
   8 -rw-r--r--  1 wwwtefac wwwtefac    5532 Jun 13 12:03 EnviarCorreo.php
   8 -rw-r--r--  1 wwwtefac wwwtefac    5532 Jun 13 12:03 ErrorPagoFacturacion2.php
   8 -rw-r--r--  1 wwwtefac wwwtefac    5532 Jun 13 12:03 ErrorPagoFacturacion.php
   4 drwxr-xr-x  6 wwwtefac wwwtefac    4096 Apr  2  2015 FacturacionCBB/
   4 drwxr-xr-x 10 wwwtefac wwwtefac    4096 Aug  6  2019 FacturacionCFDI/
   4 drwxr-xr-x  6 wwwtefac wwwtefac    4096 Dec 11  2014 facturame/
   4 drwxr-x---  6 wwwtefac nobody      4096 Jan 11 23:12 facturas/
   4 drwxr-x---  4 wwwtefac nobody      4096 Jan 11 23:12 facturasimpuestum/
   8 -rw-r--r--  1 wwwtefac wwwtefac    5532 Jun 13 12:03 FinalizarRegistroFacturacion.php
   4 drwxr-xr-x  8 wwwtefac wwwtefac    4096 Jul 12  2019 Firma/
   8 -rw-r--r--  1 wwwtefac wwwtefac    5532 Jun 13 12:02 Firmando.php
   4 drwxr-xr-x  4 wwwtefac wwwtefac    4096 Sep  4  2012 fonts/
   8 -rw-r--r--  1 wwwtefac wwwtefac    5532 Jun 13 12:02 FooterFacturaPDF.php
   4 drwxr-xr-x  2 wwwtefac wwwtefac    4096 Jan 31  2013 Functions/
   8 -rw-r--r--  1 wwwtefac wwwtefac    5532 Jun 13 12:01 GeneraGuardaComplementoPagoPDF-2.php
   8 -rw-r--r--  1 wwwtefac wwwtefac    5532 Jun 13 11:55 generaLlavePrivada-2.php
   8 -rw-r--r--  1 wwwtefac wwwtefac    5532 Jun 13 11:54 generaLlavePrivada-3.php
   8 -rw-r--r--  1 wwwtefac wwwtefac    5532 Jun 13 12:01 GeneraRecibo.php
   8 -rw-r--r--  1 wwwtefac wwwtefac    5532 Jun 13 12:01 GenerarFacturaV33-Complementos-9.php
   8 -rw-r--r--  1 wwwtefac wwwtefac    4619 Jul 29  2014 geo.js
   4 -rw-r--r--  1 wwwtefac wwwtefac      53 Oct 24  2013 google2d4a1086d632c06f.html
   4 -rw-r--r--  1 wwwtefac wwwtefac    1303 Jan 11 23:12 .htaccess
   4 drwxr-xr-x  2 wwwtefac wwwtefac    4096 Mar 31  2016 images/
   4 drwxr-xr-x  3 wwwtefac wwwtefac    4096 Jul 11  2012 ImagesAndFlash/
  12 -rw-r--r--  1 wwwtefac wwwtefac   11169 Dec 27  2013 index.html
   8 -rw-r--r--  1 wwwtefac wwwtefac    4863 Jun 26 17:02 index.php
   8 -rw-r--r--  1 wwwtefac wwwtefac    5532 Jun 13 11:54 index.php.swp
   8 -rw-r--r--  1 root     root        5532 Jun 26 13:27 indexTestSP_false.php
   4 drwxr-xr-x  7 wwwtefac wwwtefac    4096 Nov 12  2013 ingreso/
 240 -rw-r--r--  1 wwwtefac wwwtefac  244963 Jul 31  2014 jquery-2.1.0.js
 244 -rw-r--r--  1 wwwtefac wwwtefac  247351 Jul 31  2014 jquery-2.1.1.js
  84 -rw-r--r--  1 wwwtefac wwwtefac   84244 Jul 31  2014 jquery-2.1.1.min.js
   4 drwxr-xr-x  2 wwwtefac wwwtefac    4096 Apr 28  2018 keys/
  12 -rw-r--r--  1 wwwtefac wwwtefac    8606 Jun 23  2016 limpiezaPeriodica.html
   8 -rw-r--r--  1 wwwtefac wwwtefac    5532 Jun 13 12:01 ListaFacturas.php
   8 -rw-r--r--  1 wwwtefac wwwtefac    5532 Jun 13 12:01 ListaGastosIndirectosEgresos.php
   8 -rw-r--r--  1 wwwtefac wwwtefac    5532 Jun 13 12:00 ListaRutas.php
   4 drwxr-xr-x  2 wwwtefac wwwtefac    4096 Jul 10  2012 Logos/
   4 -rw-r--r--  1 wwwtefac wwwtefac    2361 Mar 21  2014 logoSat.jpg
 128 -rw-r--r--  1 wwwtefac wwwtefac  129848 Jan 30  2014 manual.pdf
   8 -rw-r--r--  1 wwwtefac wwwtefac    5532 Jun 13 12:00 ModificandoPagoDeDistribuidor.php
   8 -rw-r--r--  1 wwwtefac wwwtefac    5532 Jun 13 12:00 ModificarAgente.php
   8 -rw-r--r--  1 wwwtefac wwwtefac    5532 Jun 13 11:59 ModificarPagarFacturaComplementoVarias.php
   8 -rw-r--r--  1 wwwtefac wwwtefac    5532 Jun 13 11:59 ModificarPagoDeDistribuidor.php
   8 -rw-r--r--  1 wwwtefac wwwtefac    5532 Jun 13 11:54 mostrarFacturaPDF.php
   4 drwxr-xr-x  2 wwwtefac wwwtefac    4096 Jun 16  2014 movil/
   4 drwxrwxrwx 16 wwwtefac wwwtefac    4096 Mar 26  2020 mpdf60/
   4 drwxr-xr-x  4 wwwtefac wwwtefac    4096 Jul 20  2018 MySetasign/
   4 -rw-r--r--  1 wwwtefac wwwtefac     236 Apr 23  2014 noticiaslocales.htm
   8 -rw-r--r--  1 wwwtefac wwwtefac    5532 Jun 13 11:53 noticiaslocales.php
   4 drwxr-xr-x  4 wwwtefac wwwtefac    4096 Nov 11  2015 nuevocfdi/
   8 -rw-r--r--  1 wwwtefac wwwtefac    5532 Jun 13 11:59 OAuthSimple.php
   8 -rw-r--r--  1 wwwtefac wwwtefac    5532 Jun 13 11:58 ObtenerUbicacion2.php
   8 -rw-r--r--  1 wwwtefac wwwtefac    5532 Jun 13 11:58 ObtenerUbicacion3.php
   8 -rw-r--r--  1 wwwtefac wwwtefac    5532 Jun 13 11:58 ObtenerUbicacion4.php
   4 -rw-r--r--  1 wwwtefac wwwtefac    2017 Jul 29  2014 ObtenerUbicacion.html
   8 -rw-r--r--  1 wwwtefac wwwtefac    5532 Jun 13 11:59 ObtenerUbicacion.php
   4 drwxr-xr-x  6 wwwtefac wwwtefac    4096 Jun  3  2015 PaleteriaQBE/
   4 drwxr-xr-x  2 wwwtefac wwwtefac    4096 Jun 15  2018 photos/
   8 -rw-r--r--  1 wwwtefac wwwtefac    5532 Jun 13 11:53 phpInfo.php
   4 -rw-r--r--  1 wwwtefac wwwtefac     346 Mar 16  2019 php.ini
   4 drwxr-xr-x  5 wwwtefac wwwtefac    4096 Oct 17  2019 phpqrcode/
   4 drwxr-xr-x  5 wwwtefac wwwtefac    4096 Dec  7  2017 phpXml/
  28 -rw-r--r--  1 wwwtefac wwwtefac   24774 Jul 10  2012 popcalendar.js
   8 -rw-r--r--  1 wwwtefac wwwtefac    4895 Dec  2  2013 PRECIOS.html
   8 -rw-r--r--  1 wwwtefac wwwtefac    5532 Jun 13 11:53 pruebaCargarKey.php
   8 -rw-r--r--  1 wwwtefac wwwtefac    5532 Jun 13 11:58 PruebaCopyImagen.php
   4 -rw-r--r--  1 wwwtefac wwwtefac    1851 Jun 18 10:34 pruebaEnvio56.php
   4 -rw-r--r--  1 wwwtefac wwwtefac     999 Dec 27  2012 PruebaLogo.html
   4 drwxr-xr-x  6 wwwtefac wwwtefac    4096 Jun 18 11:19 PruebaNomina/
   8 -rw-r--r--  1 wwwtefac wwwtefac    5532 Jun 13 11:57 PruebaNomina.php
   8 -rw-r--r--  1 wwwtefac wwwtefac    5532 Jun 13 11:53 pruebaRemplazar.php
   4 drwxr-xr-x 11 wwwtefac wwwtefac    4096 Jun 25  2013 PruebasCFDI/
   4 drwxr-xr-x  3 wwwtefac wwwtefac    4096 Jan 18  2013 PruebasFacturacionDigital/
   4 drwxr-xr-x  8 wwwtefac wwwtefac    4096 Jul 25  2013 PruebasFacturacionSoloPruebas/
   8 -rw-r--r--  1 wwwtefac wwwtefac    5532 Jun 13 11:57 PruebasGenerarFacturaManual.php
   4 drwxr-xr-x  2 wwwtefac wwwtefac    4096 Jun 18 11:11 PruebasIvan/
   4 drwxr-xr-x  2 wwwtefac wwwtefac    4096 Feb 13  2013 pruebaswfactura/
   8 -rw-r--r--  1 wwwtefac wwwtefac    5532 Jun 13 11:57 ReimpresionYMostrarFacturas.php
   4 drwxr-xr-x  2 wwwtefac wwwtefac    4096 Jun 20  2014 Reloj/
   4 -rw-r--r--  1 wwwtefac wwwtefac      17 Sep 23  2013 robots.txt
   4 drwxr-xr-x  2 wwwtefac wwwtefac    4096 Apr 10  2013 SelloCFDI/
   8 -rw-r--r--  1 wwwtefac wwwtefac    5532 Jun 13 11:52 send.php
   4 drwxr-xr-x 10 wwwtefac wwwtefac    4096 Apr  1  2021 ServiciosIvR/
   4 drwxr-xr-x  7 wwwtefac wwwtefac    4096 Jun 23  2016 silac/
   4 drwxr-xr-x  9 wwwtefac wwwtefac    4096 Apr  2  2015 SiteHome/
   4 drwxr-x---  9 wwwtefac nobody      4096 Jan 11 23:12 socios/
   4 drwxr-xr-x 14 wwwtefac wwwtefac    4096 Dec  6  2013 soporte/
   4 drwxr-xr-x  6 wwwtefac wwwtefac    4096 Dec 27  2013 ssl/
   4 drwxr-xr-x  2 wwwtefac wwwtefac    4096 Sep  4  2012 styles/
   4 drwxr-xr-x  9 wwwtefac wwwtefac    4096 Apr  2  2015 TemoporalPrincipal/
   4 drwxr-x---  4 wwwtefac nobody      4096 Jan 11 23:12 tequiladonramon/
   4 drwxr-xr-x  9 wwwtefac wwwtefac    4096 Feb 26  2018 TequilaDonRamon/
   4 drwxr-xr-x  9 wwwtefac wwwtefac    4096 Jul 28  2016 TequilaDonRamon2/
   4 drwxr-xr-x  2 wwwtefac wwwtefac    4096 Apr 22  2016 test/
   8 -rw-r--r--  1 wwwtefac wwwtefac    5532 Jun 13 11:56 TestImagen.php
  52 -rw-r--r--  1 wwwtefac wwwtefac   51861 Jan 13  2014 textosimple.jpg
   4 -rw-r--r--  1 wwwtefac wwwtefac    2474 Jul 31  2014 TomaFoto.html
   4 -rw-r--r--  1 wwwtefac wwwtefac    3112 Jul 31  2014 TomarFoto.html
   8 -rw-r--r--  1 wwwtefac wwwtefac    5532 Jun 13 11:56 TomarFoto.php
   4 -rw-r--r--  1 wwwtefac wwwtefac     348 Mar 16  2019 .user.ini
  28 drwxr-x--- 44 wwwtefac nobody     28672 Jan 11 23:12 v2/
   4 drwxr-xr-x  8 wwwtefac wwwtefac    4096 Oct 30  2017 v33/
   8 -rw-r--r--  1 wwwtefac wwwtefac    5532 Jun 13 11:56 ValidarPagoCorrectoFacturacion2.php
   8 -rw-r--r--  1 wwwtefac wwwtefac    5532 Jun 13 11:56 ValidarPagoCorrectoFacturacion.php
   4 drwxr-xr-x  6 wwwtefac wwwtefac    4096 Jun  1  2016 vending/
   4 drwxr-xr-x 78 wwwtefac wwwtefac    4096 Oct 15  2019 vendor/
   8 -rw-r--r--  1 wwwtefac wwwtefac    5532 Jun 13 11:55 VerificandoDatos.php
   8 -rw-r--r--  1 wwwtefac wwwtefac    5532 Jun 13 11:55 VerificandoDatosRecuperacionPass.php
   4 drwxr-xr-x  2 wwwtefac wwwtefac    4096 Feb 25  2014 VerificarCFDI/
   8 -rw-r--r--  1 wwwtefac wwwtefac    5532 Jun 13 11:56 VerMasPagoPendienteFacturacion.php
   4 drwxr-xr-x  4 wwwtefac wwwtefac    4096 Apr  1  2022 viafirma/
   4 drwxr-xr-x  5 wwwtefac wwwtefac    4096 Sep 14  2022 WEBDemo/
   4 drwxr-xr-x  2 wwwtefac wwwtefac    4096 Apr  1  2022 WebService/
   4 drwxr-xr-x  4 wwwtefac wwwtefac    4096 Apr  8  2023 .well-known/
  36 drwxr-x--- 53 wwwtefac nobody     36864 Jun 26 13:24 www2/
