total 32512
  36 drwxr-x---    53 wwwtefac nobody     36864 Jun 26 13:24 ./
  12 drwxr-x---    74 wwwtefac nobody     12288 Jun 18 10:31 ../
  12 -rw-r--r--     1 wwwtefac wwwtefac   10725 Oct 15  2019 acomodarFirma.php
   4 -rw-r--r--     1 wwwtefac wwwtefac     663 Oct 15  2019 AcreditamientoIEPS10.xslt
   4 -rw-r--r--     1 wwwtefac wwwtefac    1070 Jul  9  2022 activandoCuentaComplemento.php
   4 -rw-r--r--     1 wwwtefac wwwtefac    1124 Mar 18  2020 ActivarDesactivarDatosFiscales.php
  16 -rw-r--r--     1 wwwtefac wwwtefac   13320 Feb 25  2020 AdeudoCasas.php
   4 -rw-r--r--     1 wwwtefac wwwtefac    1912 Oct 15  2019 aerolineas.xslt
  12 -rw-r--r--     1 wwwtefac wwwtefac    9691 Oct 15  2019 AgregarBanco-2.php
  92 -rw-r--r--     1 wwwtefac wwwtefac   93045 Oct 15  2019 AgregarBanco.php
  24 -rw-r--r--     1 wwwtefac wwwtefac   21836 Oct 15  2019 AgregarCarro.php
  24 -rw-r--r--     1 wwwtefac wwwtefac   22408 Mar 17  2020 AgregarClienteOLD.php
  24 -rw-r--r--     1 wwwtefac wwwtefac   21896 Nov 16  2022 AgregarCliente.php
  20 -rw-r--r--     1 wwwtefac wwwtefac   19308 Nov 16  2022 agregarCorreosCliente.php
  32 -rw-r--r--     1 wwwtefac wwwtefac   31628 Oct 15  2019 AgregarEmpleado.php
  16 -rw-r--r--     1 wwwtefac wwwtefac   13802 Apr  2  2020 agregarEmpresa.php
  16 -rw-r--r--     1 wwwtefac wwwtefac   15162 Oct 15  2019 AgregarGastos.php
  24 -rw-r--r--     1 wwwtefac wwwtefac   21992 Oct 15  2019 AgregarHorarioComidaEmpleado.php
  24 -rw-r--r--     1 wwwtefac wwwtefac   21607 Oct 15  2019 AgregarHorarioEmpleado.php
  20 -rw-r--r--     1 wwwtefac wwwtefac   18108 Oct 15  2019 AgregarModificarAutos.php
  12 -rw-r--r--     1 wwwtefac wwwtefac    8445 Oct 15  2019 AgregarModificarProductoCatalogo.php
  12 -rw-r--r--     1 wwwtefac wwwtefac   10648 Oct 15  2019 AgregarModificarValesTarjeta.php
  40 -rw-r--r--     1 wwwtefac wwwtefac   39186 May  7  2020 AgregarProductoCatalogo.php
  12 -rw-r--r--     1 wwwtefac wwwtefac   10181 Oct 15  2019 AgregarProductoFactura-2.php
  12 -rw-r--r--     1 wwwtefac wwwtefac   11143 Oct 15  2019 AgregarProductoFactura-3.php
  28 -rw-r--r--     1 wwwtefac wwwtefac   24760 Oct 15  2019 AgregarProductoFacturacion.js
  48 -rw-r--r--     1 wwwtefac wwwtefac   45129 Oct 15  2019 AgregarProductoFacturacion.php
  12 -rw-r--r--     1 wwwtefac wwwtefac   10990 Oct 15  2019 AgregarProductoFactura.php
  24 -rw-r--r--     1 wwwtefac wwwtefac   21005 Apr 22  2020 AgregarProveedor.php
   4 -rw-r--r--     1 wwwtefac wwwtefac    1982 Mar 24  2020 AgregarTimbres.php
  20 -rw-r--r--     1 wwwtefac wwwtefac   18671 Oct 15  2019 AgregarUsuarioFlotilla.php
  16 -rw-r--r--     1 wwwtefac wwwtefac   12333 Mar 15  2023 AgregarUsuarioOLD2.php
  16 -rw-r--r--     1 wwwtefac wwwtefac   13658 Mar 31  2020 AgregarUsuarioOLD.php
  16 -rw-r--r--     1 wwwtefac wwwtefac   12339 Mar 29  2023 AgregarUsuario.php
  16 -rw-r--r--     1 wwwtefac wwwtefac   15360 Oct 15  2019 AgregarValesTarjeta.php
   4 -rw-r--r--     1 wwwtefac wwwtefac    4089 Oct 15  2019 AltaUsuario.php
 108 -rw-r--r--     1 wwwtefac wwwtefac  106849 Oct 15  2019 animations.php
   8 -rw-r--r--     1 wwwtefac wwwtefac    5237 Apr 18  2020 aplicarDisenoFacturas.php
  64 -rw-r--r--     1 wwwtefac wwwtefac   65102 Oct 15  2019 app-2.js
   4 -rw-r--r--     1 wwwtefac wwwtefac    1802 Oct 15  2019 arrendamientoenfideicomiso.xslt
  24 -rw-r--r--     1 wwwtefac wwwtefac   22588 Oct 15  2019 AsistenciasEmpleadosDia.php
  88 -rw-r--r--     1 wwwtefac wwwtefac   87912 Mar 30  2021 AsistenciasManuales.php
  56 -rw-r--r--     1 wwwtefac wwwtefac   56811 Oct 15  2019 Asistencias.php
   4 -rw-r--r--     1 wwwtefac wwwtefac    4061 Oct 15  2019 autoCompletarRellenarAgregarProductoCatalogo.js
   4 -rw-r--r--     1 wwwtefac wwwtefac     976 Oct 15  2019 autoCompletarRellenarAgregarProductoFacturacion.js
   4 -rw-r--r--     1 wwwtefac wwwtefac    1343 Oct 15  2019 autoRellenoClaveInterna.php
   4 drwxr-xr-x     5 wwwtefac wwwtefac    4096 Oct 15  2019 bootstrap-datepicker/
   4 drwxr-xr-x    10 wwwtefac wwwtefac    4096 Oct 15  2019 bootstrap-datetimepicker-master/
 100 -rw-r--r--     1 wwwtefac wwwtefac   98370 Oct 15  2019 buttons.php
  16 -rw-r--r--     1 wwwtefac wwwtefac   14393 Oct 15  2019 cadenaoriginal_3_2.xsl
  20 -rw-r--r--     1 wwwtefac wwwtefac   17042 Jan  9  2020 cadenaoriginal_3_2.xslt
   4 -rw-r--r--     1 wwwtefac wwwtefac     663 Oct 15  2019 cadenaoriginal_3_2.xsltAcreditamientoIEPS10.xslt
   4 -rw-r--r--     1 wwwtefac wwwtefac    1912 Oct 15  2019 cadenaoriginal_3_2.xsltaerolineas.xslt
   4 -rw-r--r--     1 wwwtefac wwwtefac    2882 Oct 15  2019 cadenaoriginal_3_2.xsltcertificadodedestruccion.xslt
   4 -rw-r--r--     1 wwwtefac wwwtefac     823 Oct 15  2019 cadenaoriginal_3_2.xsltcfdiregistrofiscal.xslt
   8 -rw-r--r--     1 wwwtefac wwwtefac    6902 Oct 15  2019 cadenaoriginal_3_2.xsltComercioExterior10.xslt
   8 -rw-r--r--     1 wwwtefac wwwtefac    4353 Oct 15  2019 cadenaoriginal_3_2.xsltconsumodecombustibles.xslt
   4 -rw-r--r--     1 wwwtefac wwwtefac    2176 Oct 15  2019 cadenaoriginal_3_2.xsltdetallista.xslt
   4 -rw-r--r--     1 wwwtefac wwwtefac     707 Oct 15  2019 cadenaoriginal_3_2.xsltdivisas.xslt
   4 -rw-r--r--     1 wwwtefac wwwtefac     994 Oct 15  2019 cadenaoriginal_3_2.xsltdonat11.xslt
   4 -rw-r--r--     1 wwwtefac wwwtefac    1358 Oct 15  2019 cadenaoriginal_3_2.xsltecb.xslt
   8 -rw-r--r--     1 wwwtefac wwwtefac    4243 Oct 15  2019 cadenaoriginal_3_2.xsltecc11.xslt
   4 -rw-r--r--     1 wwwtefac wwwtefac    3468 Oct 15  2019 cadenaoriginal_3_2.xsltecc.xslt
   4 -rw-r--r--     1 wwwtefac wwwtefac    1244 Oct 15  2019 cadenaoriginal_3_2.xsltiedu.xslt
   4 -rw-r--r--     1 wwwtefac wwwtefac    1827 Oct 15  2019 cadenaoriginal_3_2.xsltimplocal.xslt
   4 -rw-r--r--     1 wwwtefac wwwtefac    1966 Oct 15  2019 cadenaoriginal_3_2.xsltine10.xslt
   4 -rw-r--r--     1 wwwtefac wwwtefac    1410 Oct 15  2019 cadenaoriginal_3_2.xsltleyendasFisc.xslt
  12 -rw-r--r--     1 wwwtefac wwwtefac   10749 Oct 15  2019 cadenaoriginal_3_2.xsltnomina11.xslt
  12 -rw-r--r--     1 wwwtefac wwwtefac   11323 Oct 15  2019 cadenaoriginal_3_2.xsltnotariospublicos.xslt
   4 -rw-r--r--     1 wwwtefac wwwtefac    1603 Oct 15  2019 cadenaoriginal_3_2.xsltobrasarteantiguedades.xslt
   4 -rw-r--r--     1 wwwtefac wwwtefac    1484 Oct 15  2019 cadenaoriginal_3_2.xsltpagoenespecie.xslt
   4 -rw-r--r--     1 wwwtefac wwwtefac    1010 Oct 15  2019 cadenaoriginal_3_2.xsltpfic.xslt
   4 -rw-r--r--     1 wwwtefac wwwtefac    1091 Oct 15  2019 cadenaoriginal_3_2.xsltpsgecfd.xslt
   8 -rw-r--r--     1 wwwtefac wwwtefac    6777 Oct 15  2019 cadenaoriginal_3_2.xsltrenovacionysustitucionvehiculos.xslt
   4 -rw-r--r--     1 wwwtefac wwwtefac    2145 Oct 15  2019 cadenaoriginal_3_2.xsltservicioparcialconstruccion.xslt
   4 -rw-r--r--     1 wwwtefac wwwtefac    3322 Oct 15  2019 cadenaoriginal_3_2.xsltspei.xslt
   8 -rw-r--r--     1 wwwtefac wwwtefac    4816 Oct 15  2019 cadenaoriginal_3_2.xsltterceros11.xslt
   4 -rw-r--r--     1 wwwtefac wwwtefac    1931 Oct 15  2019 cadenaoriginal_3_2.xsltTuristaPasajeroExtranjero.xslt
   4 -rw-r--r--     1 wwwtefac wwwtefac     920 Oct 15  2019 cadenaoriginal_3_2.xsltutilerias.xslt
   4 -rw-r--r--     1 wwwtefac wwwtefac    2806 Oct 15  2019 cadenaoriginal_3_2.xsltvalesdedespensa.xslt
   4 -rw-r--r--     1 wwwtefac wwwtefac    3029 Oct 15  2019 cadenaoriginal_3_2.xsltvehiculousado.xslt
   4 -rw-r--r--     1 wwwtefac wwwtefac    1864 Oct 15  2019 cadenaoriginal_3_2.xsltventavehiculos11.xslt
  20 -rw-r--r--     1 wwwtefac wwwtefac   17788 Oct 15  2019 cadenaoriginal_3_3.xsl
  20 -rw-r--r--     1 wwwtefac wwwtefac   16506 Jan  9  2020 cadenaoriginal_3_3.xslt
  24 -rw-r--r--     1 wwwtefac wwwtefac   20664 Mar  8  2022 cadenaoriginal_4_0.xslt
   4 -rw-r--r--     1 wwwtefac wwwtefac    2507 Oct 15  2019 calculoISPT.php
  44 -rw-r--r--     1 wwwtefac wwwtefac   43250 Oct 15  2019 CalculoNomina.php
   4 -rw-r--r--     1 wwwtefac wwwtefac     725 Oct 15  2019 calculoSemanas.php
   4 drwxr-xr-x     2 wwwtefac wwwtefac    4096 Oct 15  2019 calendar_files/
   4 drwxr-xr-x     5 wwwtefac wwwtefac    4096 Oct 15  2019 calendario/
   8 -rw-r--r--     1 wwwtefac wwwtefac    4604 Oct 15  2019 calendario-2.php
   4 -rw-r--r--     1 wwwtefac wwwtefac    1518 Oct 15  2019 calendario-3-1.php
  20 -rw-r--r--     1 wwwtefac wwwtefac   17471 Oct 15  2019 calendario-3.php
  12 -rw-r--r--     1 wwwtefac wwwtefac   11035 Jan 19  2021 calendario.php
  68 -rw-r--r--     1 wwwtefac wwwtefac   68209 Oct 15  2019 calendar.php
   4 -rw-r--r--     1 wwwtefac wwwtefac    2931 Mar 31  2020 CambiarEmpresa.php
  64 -rw-r--r--     1 wwwtefac wwwtefac   64717 Mar 26  2020 Cancelado.png
   8 -rw-r--r--     1 wwwtefac wwwtefac    6559 Mar 25  2020 CancelandoComplementoPagoOLD.php
   8 -rw-r--r--     1 wwwtefac wwwtefac    6616 Apr  5  2022 CancelandoComplementoPago.php
   4 -rw-r--r--     1 wwwtefac wwwtefac     839 Nov 19  2021 cancelandoFacturaAceptacion.php
  12 -rw-r--r--     1 wwwtefac wwwtefac    9261 Mar  1  2022 CancelandoFacturaOLD2.php
  12 -rw-r--r--     1 wwwtefac wwwtefac   11216 Jul 19  2022 CancelandoFacturaOLD3.php
  12 -rw-r--r--     1 wwwtefac wwwtefac    8742 Jan 12  2022 CancelandoFacturaOLD.php
  12 -rw-r--r--     1 wwwtefac wwwtefac   11888 Apr  4  2023 CancelandoFactura.php
   4 -rw-r--r--     1 wwwtefac wwwtefac    2081 Oct 15  2019 CargarCertificados-3.php
   4 -rw-r--r--     1 wwwtefac wwwtefac    3344 Oct 15  2019 CargarCertificados-4.php
   8 -rw-r--r--     1 wwwtefac wwwtefac    5539 Sep  1  2021 CargarCertificados-5.php
   4 -rw-r--r--     1 wwwtefac wwwtefac    3357 Oct 15  2019 CargarCertificados-6.php
   4 -rw-r--r--     1 wwwtefac wwwtefac    2006 Oct 15  2019 CargarCertificados-Bueno-2-Dise.php
   4 -rw-r--r--     1 wwwtefac wwwtefac    2006 Oct 15  2019 CargarCertificados-Bueno-2-Local.php
   4 -rw-r--r--     1 wwwtefac wwwtefac    2006 Oct 15  2019 CargarCertificados-Bueno-2.php
   4 -rw-r--r--     1 wwwtefac wwwtefac    2006 Oct 15  2019 CargarCertificados-Bueno.php
  12 -rw-r--r--     1 wwwtefac wwwtefac   12111 Mar 14  2020 cargarXML33.php
   4 drwxrwxrwx     7 wwwtefac wwwtefac    4096 Feb 16  2023 CargarXMLEmitidos/
  12 -rw-r--r--     1 wwwtefac wwwtefac   12123 Feb  2  2021 cargarXMLEmitidos.php
  64 -rw-r--r--     1 wwwtefac wwwtefac   64413 Oct 15  2019 carousel.php
   4 -rw-r--r--     1 wwwtefac wwwtefac    4024 Oct 15  2019 Carta3Nueva.php
   4 -rw-r--r--     1 wwwtefac wwwtefac    2878 Oct 15  2019 Carta3.php
  12 -rw-r--r--     1 wwwtefac wwwtefac    9473 Oct 15  2019 Carta4.php
   4 -rw-r--r--     1 wwwtefac wwwtefac    3008 Oct 15  2019 CartaMemebretadaVideos.php
   8 -rw-r--r--     1 wwwtefac wwwtefac    5973 Oct 15  2019 CartaPatronal.php
1552 drwxrwxrwx     2 wwwtefac wwwtefac 1585152 Jun 26 10:47 CBBCFDI/
   4 -rw-r--r--     1 wwwtefac wwwtefac    2882 Oct 15  2019 certificadodedestruccion.xslt
   4 drwxr-xr-x     2 wwwtefac wwwtefac    4096 Apr 19  2020 certificados/
   4 drwxrwxrwx     2 wwwtefac wwwtefac    4096 Jan 30 18:00 CertificadosCer/
   4 drwxr-xr-x     3 wwwtefac wwwtefac    4096 Jul 25  2020 CertificadosCerIv/
   4 drwxrwxrwx     2 wwwtefac wwwtefac    4096 Dec 14  2023 CertificadosKey/
   4 drwxr-xr-x     3 wwwtefac wwwtefac    4096 Jul 25  2020 CertificadosKeyIv/
   4 drwxr-xr-x     2 wwwtefac wwwtefac    4096 Oct 15  2019 CertsCer/
  20 drwxr-xr-x     2 wwwtefac wwwtefac   20480 Oct 15  2019 CertsKey/
1104 drwxrwxrwx     2 wwwtefac wwwtefac 1126400 Jun 26 10:47 CFDIConSello/
   4 -rw-r--r--     1 wwwtefac wwwtefac     823 Oct 15  2019 cfdiregistrofiscal.xslt
1112 drwxrwxrwx     2 wwwtefac wwwtefac 1134592 Jun 26 10:47 CFDISinSello/
1480 drwxrwxrwx 25115 wwwtefac wwwtefac 1511424 Jun 26 10:47 CFDITimbrado/
  76 drwxrwxrwx   530 wwwtefac wwwtefac   73728 Jun 24 17:24 CFDITimbradoCancelado/
   4 drwxr-xr-x     2 wwwtefac wwwtefac    4096 Oct 15  2019 cgi-bin/
  64 -rw-r--r--     1 wwwtefac wwwtefac   64318 Oct 15  2019 chart-chartist.php
  68 -rw-r--r--     1 wwwtefac wwwtefac   67025 Oct 15  2019 chart-flot.php
  68 -rw-r--r--     1 wwwtefac wwwtefac   69331 Oct 15  2019 chart-js-2.php
  64 -rw-r--r--     1 wwwtefac wwwtefac   63940 Oct 15  2019 chart-js.php
  64 -rw-r--r--     1 wwwtefac wwwtefac   63913 Oct 15  2019 chart-morris.php
  72 -rw-r--r--     1 wwwtefac wwwtefac   73347 Oct 15  2019 chart-radial.php
  64 -rw-r--r--     1 wwwtefac wwwtefac   63772 Oct 15  2019 chart-rickshaw.php
   4 -rw-r--r--     1 wwwtefac wwwtefac     753 Nov 29  2022 CierraSesion.php
   8 -rw-r--r--     1 wwwtefac wwwtefac    5532 Jun 13 12:12 class.backgroundpdf.php
   8 -rw-r--r--     1 wwwtefac wwwtefac    5532 Jun 13 12:13 class.ConectorServisim.php
   8 -rw-r--r--     1 wwwtefac wwwtefac    5532 Jun 13 12:12 class.ConectorServisimv33.php
   8 -rw-r--r--     1 wwwtefac wwwtefac    5532 Jun 13 12:12 class.ezpdf.php
   8 -rw-r--r--     1 wwwtefac wwwtefac    5532 Jun 13 12:11 class.pdf.php
   8 -rw-r--r--     1 wwwtefac wwwtefac    5532 Jun 13 12:11 class.phpmailerold.php
  56 -rw-r--r--     1 wwwtefac wwwtefac   56378 Jun 18 10:53 class.phpmailer.php
   8 -rw-r--r--     1 wwwtefac wwwtefac    5532 Jun 13 12:11 class.smtpold.php
  36 -rw-r--r--     1 wwwtefac wwwtefac   33031 Jun 18 10:53 class.smtp.php
  68 -rw-r--r--     1 wwwtefac wwwtefac   68556 Oct 15  2019 colors.php
   8 -rw-r--r--     1 wwwtefac wwwtefac    6902 Oct 15  2019 ComercioExterior10.xslt
   8 -rw-r--r--     1 wwwtefac wwwtefac    7293 Oct 15  2019 ComercioExterior11.xslt
  36 -rw-r--r--     1 wwwtefac wwwtefac   35654 Jun 17  2021 ComplementosPagoMultiples.php
  12 -rw-r--r--     1 wwwtefac wwwtefac   10533 Oct 15  2019 ComplementosPagoRecibidos.php
   4 -rw-r--r--     1 wwwtefac wwwtefac     996 Oct 15  2019 comprobarCorreo.php
   4 drwxr-xr-x     2 wwwtefac wwwtefac    4096 Oct 15  2019 config/
   4 -rw-r--r--     1 wwwtefac wwwtefac    3357 Oct 15  2019 confiramcionPago3DSecurity.php
   4 -rw-r--r--     1 wwwtefac wwwtefac     643 Oct 15  2019 consul.php
   8 -rw-r--r--     1 wwwtefac wwwtefac    4192 Oct 15  2019 consumodeCombustibles11.xslt
   8 -rw-r--r--     1 wwwtefac wwwtefac    4353 Oct 15  2019 consumodecombustibles.xslt
   4 -rw-r--r--     1 wwwtefac wwwtefac    1072 Oct 15  2019 conviertePDF.php
   4 -rw-r--r--     1 wwwtefac wwwtefac    2057 Apr 19  2020 CrearCSD.php
   4 drwxr-xr-x     2 wwwtefac wwwtefac    4096 Oct 15  2019 css/
   4 drwxr-xr-x     2 wwwtefac wwwtefac    4096 Mar  5  2020 cssBOOT/
   4 -rw-r--r--     1 wwwtefac wwwtefac    3877 Apr 22  2020 CuerpoCorreo.php
   8 -rw-r--r--     1 wwwtefac wwwtefac    6203 Jan 21  2021 DandoAltaRegistrpCliente.php
  48 -rw-r--r--     1 wwwtefac wwwtefac   48889 Oct 15  2019 dashboard_h.php
  88 -rw-r--r--     1 wwwtefac wwwtefac   89651 Oct 15  2019 dashboard.php
  60 -rw-r--r--     1 wwwtefac wwwtefac   60757 Oct 15  2019 dashboardv2.php
   4 drwxr-xr-x     4 wwwtefac wwwtefac    4096 Oct 15  2019 data/
   4 drwxr-xr-x     4 wwwtefac wwwtefac    4096 Oct 15  2019 datetimepicker/
  16 -rw-r--r--     1 wwwtefac wwwtefac   13543 Oct 15  2019 DatosFiscales.php
   4 -rw-r--r--     1 wwwtefac wwwtefac     851 Nov 19  2021 decancelandoFacturaAceptacion.php
   4 -rw-r--r--     1 wwwtefac wwwtefac    3655 Oct 15  2019 demo-jqgrid.js
   4 -rw-r--r--     1 wwwtefac wwwtefac    1346 Oct 15  2019 demo-upload.js
   4 -rw-r--r--     1 wwwtefac wwwtefac    2700 Oct 15  2019 demo-wizard.js
   4 -rw-r--r--     1 wwwtefac wwwtefac    2718 Mar 13  2023 demo-wizardV4.js
  12 -rw-r--r--     1 wwwtefac wwwtefac   11975 Oct 15  2019 DeNumero_a_Letras.php
   4 drwxr-xr-x     4 wwwtefac wwwtefac    4096 Oct 15  2019 DescargaMasivaSAT/
  24 -rw-r--r--     1 wwwtefac wwwtefac   21886 Jul 24  2020 DetallesPedido.php
   4 -rw-r--r--     1 wwwtefac wwwtefac    2176 Oct 15  2019 detallista.xslt
   4 -rw-r--r--     1 wwwtefac wwwtefac    2600 Oct 15  2019 dividendos.xslt
   4 -rw-r--r--     1 wwwtefac wwwtefac     707 Oct 15  2019 divisas.xslt
   4 -rw-r--r--     1 wwwtefac wwwtefac     994 Oct 15  2019 donat11.xslt
   4 -rw-r--r--     1 wwwtefac wwwtefac    1832 Oct 15  2019 dragBootstrap.php
 100 -rw-r--r--     1 wwwtefac wwwtefac  101531 Oct 15  2019 dropdown-animations.php
   4 -rw-r--r--     1 wwwtefac wwwtefac    1358 Oct 15  2019 ecb.xslt
   8 -rw-r--r--     1 wwwtefac wwwtefac    4243 Oct 15  2019 ecc11.xslt
   8 -rw-r--r--     1 wwwtefac wwwtefac    4122 Oct 15  2019 ecc12.xslt
   4 -rw-r--r--     1 wwwtefac wwwtefac    3468 Oct 15  2019 ecc.xslt
  28 -rw-r--r--     1 wwwtefac wwwtefac   25361 Apr 21  2020 ElegirDisenoFactura.php
   4 -rw-r--r--     1 wwwtefac wwwtefac    1380 Jul  6  2023 eliminaFacturaGuardada.php
   4 -rw-r--r--     1 wwwtefac wwwtefac     672 Oct 15  2019 eliminandoActividadCalendario.php
   4 -rw-r--r--     1 wwwtefac wwwtefac     941 Oct 15  2019 eliminandoCliente.php
   4 -rw-r--r--     1 wwwtefac wwwtefac     646 Oct 15  2019 eliminandoCorreoEnviarFacturas.php
   4 -rw-r--r--     1 wwwtefac wwwtefac     952 Mar  3  2020 eliminandoCuentaBanco.php
   4 -rw-r--r--     1 wwwtefac wwwtefac    1408 Apr  5  2020 EliminandoFacturasRecibidas.php
   4 -rw-r--r--     1 wwwtefac wwwtefac    1014 Oct 15  2019 eliminandoFalta.php
   4 -rw-r--r--     1 wwwtefac wwwtefac     937 Jul  1  2020 EliminandoFiscales.php
   4 -rw-r--r--     1 wwwtefac wwwtefac    1014 Oct 15  2019 eliminandoProducto.php
   4 -rw-r--r--     1 wwwtefac wwwtefac     681 Oct 15  2019 eliminandoProveedor.php
   4 -rw-r--r--     1 wwwtefac wwwtefac    1135 Apr  6 11:11 eliminandoRegistroPago2.php
   4 -rw-r--r--     1 wwwtefac wwwtefac    1155 Mar  4  2020 eliminandoRegistroPago.php
   4 -rw-r--r--     1 wwwtefac wwwtefac     604 Mar 17  2020 eliminandoUsuario.php
   4 -rw-r--r--     1 wwwtefac wwwtefac    1287 Oct 15  2019 enajenaciondeacciones.xslt
   8 -rw-r--r--     1 wwwtefac wwwtefac    4816 Oct 15  2019 enBlanco.php
 376 -rw-r--r--     1 wwwtefac wwwtefac  384857 Jun 18 10:36 EnviaCorreoAutomaticoDiurna.php
   4 -rw-r--r--     1 wwwtefac wwwtefac    3321 Jul 14  2023 EnviandoComplementoPagoOLD2.php
   4 -rw-r--r--     1 wwwtefac wwwtefac    3327 Apr 20  2020 EnviandoComplementoPagoOLD.php
   4 -rw-r--r--     1 wwwtefac wwwtefac    3440 Aug  1  2023 EnviandoComplementoPago.php
   4 -rw-r--r--     1 wwwtefac wwwtefac    2629 Oct 15  2019 enviandoCorreo-7.php
   4 -rw-r--r--     1 wwwtefac wwwtefac    1987 Oct 15  2019 enviandoCorreoFunction.php
   4 -rw-r--r--     1 wwwtefac wwwtefac    1448 Jul 14  2023 enviandoCorreoOLD.php
   4 -rw-r--r--     1 wwwtefac wwwtefac    1458 Aug  1  2023 enviandoCorreo.php
   4 -rw-r--r--     1 wwwtefac wwwtefac     684 Mar 25  2020 EnviandoFactura.php
   4 -rw-r--r--     1 wwwtefac wwwtefac     376 Oct 15  2019 EnviandoFacturaRecibida.php
  12 -rw-r--r--     1 wwwtefac wwwtefac   12264 Mar 30  2023 EnviandoFacturasOLD2.php
  16 -rw-r--r--     1 wwwtefac wwwtefac   12720 Mar 31  2023 EnviandoFacturasOLD3.php
  16 -rw-r--r--     1 wwwtefac wwwtefac   15155 Apr  3  2023 EnviandoFacturasOLD4.php
  12 -rw-r--r--     1 wwwtefac wwwtefac   12174 Jul 14  2023 EnviandoFacturasOLD5.php
  16 -rw-r--r--     1 wwwtefac wwwtefac   15547 Jul 22  2023 EnviandoFacturasOLD6.php
  16 -rw-r--r--     1 wwwtefac wwwtefac   15561 Aug  1  2023 EnviandoFacturasOLD7.php
  12 -rw-r--r--     1 wwwtefac wwwtefac   12217 May 21  2020 EnviandoFacturasOLD.php
  20 -rw-r--r--     1 wwwtefac wwwtefac   16648 Nov  6  2023 EnviandoFacturas.php
   8 -rw-r--r--     1 wwwtefac wwwtefac    6050 Jun 18 08:11 EnviandoFacturaTimbrada2.php
   8 -rw-r--r--     1 wwwtefac wwwtefac    6027 May  1  2023 EnviandoFacturaTimbradaOLD2.php
   8 -rw-r--r--     1 wwwtefac wwwtefac    6005 Jul 14  2023 EnviandoFacturaTimbradaOLD3.php
   8 -rw-r--r--     1 wwwtefac wwwtefac    6011 Mar 28  2023 EnviandoFacturaTimbradaOLD.php
   8 -rw-r--r--     1 wwwtefac wwwtefac    6012 Aug  1  2023 EnviandoFacturaTimbrada.php
   4 -rw-r--r--     1 wwwtefac wwwtefac    2975 Jun 18 10:54 EnviarCorreo2.php
  20 -rw-r--r--     1 wwwtefac wwwtefac   16878 Apr  3  2023 EnviarFacturasOLD2.php
  16 -rw-r--r--     1 wwwtefac wwwtefac   15661 Jul 22  2023 EnviarFacturasOLD3.php
  16 -rw-r--r--     1 wwwtefac wwwtefac   15610 Jul 22  2023 EnviarFacturasOLD4.php
  16 -rw-r--r--     1 wwwtefac wwwtefac   15660 Aug  1  2023 EnviarFacturasOLD5.php
  20 -rw-r--r--     1 wwwtefac wwwtefac   16691 May 12  2020 EnviarFacturasOLD.php
  16 -rw-r--r--     1 wwwtefac wwwtefac   15671 Jun 18 11:44 EnviarFacturas.php
  24 -rw-r--r--     1 wwwtefac wwwtefac   24573 Oct 15  2019 enviarPago.php
   4 -rw-r--r--     1 wwwtefac wwwtefac    1819 Jun 18 11:15 envioalternativo2.php
   4 -rw-r--r--     1 wwwtefac wwwtefac     825 Jun 18 11:15 envioalternativo.php
   4 -rw-r--r--     1 wwwtefac wwwtefac    2992 Nov  3  2021 etiquetas2.php
   4 -rw-r--r--     1 wwwtefac wwwtefac    2613 Mar  3  2022 etiquetas3.php
   4 -rw-r--r--     1 wwwtefac wwwtefac    2559 Oct 14  2021 etiquetas.php
   4 -rw-r--r--     1 wwwtefac wwwtefac    1932 Oct 15  2019 Exentos.php
   4 -rw-r--r--     1 wwwtefac wwwtefac    3885 Oct 15  2019 ExportarExcel.php
  12 -rw-r--r--     1 wwwtefac wwwtefac    8776 Feb 26  2020 ExportPDFFacturasEmitidasOLD.php
  12 -rw-r--r--     1 wwwtefac wwwtefac    9041 Mar 23  2023 ExportPDFFacturasEmitidas.php
   8 -rw-r--r--     1 wwwtefac wwwtefac    8030 Oct 15  2019 ExportPDFFacturasRecibidas.php
  12 -rw-r--r--     1 wwwtefac wwwtefac   10284 Oct 15  2019 ExportPDFProductosFacturados.php
  12 -rw-r--r--     1 wwwtefac wwwtefac   10299 Oct 15  2019 ExportPDFProductosRecibidos.php
   8 -rw-r--r--     1 wwwtefac wwwtefac    4443 Oct 15  2019 ExportXLSXAsistencias.php
  12 -rw-r--r--     1 wwwtefac wwwtefac    8622 Jun 24  2022 ExportXLSXFacturasEmitidasOLD2.php
  12 -rw-r--r--     1 wwwtefac wwwtefac    8861 Jun  1  2021 ExportXLSXFacturasEmitidasOLD.php
  12 -rw-r--r--     1 wwwtefac wwwtefac    9675 Mar 23  2023 ExportXLSXFacturasEmitidas.php
   4 -rw-r--r--     1 wwwtefac wwwtefac    3823 Oct 15  2019 ExportXLSXFacturasRecibidas.php
   4 -rw-r--r--     1 wwwtefac wwwtefac    3435 Oct 15  2019 ExportXLSXProductosFacturados-2.php
   4 -rw-r--r--     1 wwwtefac wwwtefac    3748 Oct 15  2019 ExportXLSXProductosFacturados.php
   8 -rw-r--r--     1 wwwtefac wwwtefac    4119 Oct 15  2019 ExportXLSXProductosRecibidos.php
   4 -rw-r--r--     1 wwwtefac wwwtefac    3283 Oct 15  2019 extraerXMLFuncion.php
   4 -rw-r--r--     1 wwwtefac wwwtefac    1909 Oct 15  2019 extraerXMLFuncions.php
   4 -rw-r--r--     1 wwwtefac wwwtefac    2023 Oct 15  2019 extraerXML.php
   4 -rw-r--r--     1 wwwtefac wwwtefac    3393 Jan 15  2020 FacturaAsecco-2.php
  28 -rw-r--r--     1 wwwtefac wwwtefac   27577 Jan 24  2020 FacturaAsecco-3.php
  28 -rw-r--r--     1 wwwtefac wwwtefac   28158 Jan 16  2020 FacturaAsecco.php
   4 -rw-r--r--     1 wwwtefac wwwtefac    3525 Oct 15  2019 fideicomisonoempresarial.xslt
   4 -rw-r--r--     1 wwwtefac wwwtefac    2403 Oct 15  2019 Firmando-3.php
   4 -rw-r--r--     1 wwwtefac wwwtefac    1627 Oct 15  2019 FirmandoDISE.php
   4 -rw-r--r--     1 wwwtefac wwwtefac    1704 Oct 15  2019 Firmando.php
  20 -rw-r--r--     1 wwwtefac wwwtefac   20348 Oct 15  2019 firmaPrueba.php
  12 -rw-r--r--     1 wwwtefac wwwtefac   10198 Oct 15  2019 firmarDocumento.php
 104 -rw-r--r--     1 wwwtefac wwwtefac  104174 Oct 15  2019 form-extended.php
  76 -rw-r--r--     1 wwwtefac wwwtefac   75714 Oct 15  2019 form-imagecrop.php
  92 -rw-r--r--     1 wwwtefac wwwtefac   92887 Oct 15  2019 form-standard.php
  72 -rw-r--r--     1 wwwtefac wwwtefac   71265 Oct 15  2019 form-upload.php
  76 -rw-r--r--     1 wwwtefac wwwtefac   76934 Oct 15  2019 form-validation.php
  68 -rw-r--r--     1 wwwtefac wwwtefac   66319 Oct 15  2019 form-wizard.php
  68 -rw-r--r--     1 wwwtefac wwwtefac   67511 Oct 15  2019 form-xeditable.php
   4 drwxr-xr-x     3 wwwtefac wwwtefac    4096 Mar 28  2023 Functions/
  20 -rw-r--r--     1 wwwtefac wwwtefac   19483 Mar 26  2020 GeneraGuardaComplementoPagoPDF-2.php
  20 -rw-r--r--     1 wwwtefac wwwtefac   19772 Oct 15  2019 GeneraGuardaComplementoPagoPDF.php
  24 -rw-r--r--     1 wwwtefac wwwtefac   21757 Apr 15  2022 GeneraGuardaComplementoPagoPDFV2.php
  20 -rw-r--r--     1 wwwtefac wwwtefac   16964 Oct 15  2019 GeneraGuardaPDF-Correo.php
  32 -rw-r--r--     1 wwwtefac wwwtefac   30832 May 22  2020 GeneraGuardaPDF-Emitidos.php
  24 -rw-r--r--     1 wwwtefac wwwtefac   21915 Oct 15  2019 GeneraGuardaPDFNomina.php
  20 -rw-r--r--     1 wwwtefac wwwtefac   16998 Oct 15  2019 GeneraGuardaPDF.php
   4 -rw-r--r--     1 wwwtefac wwwtefac    1457 Oct 15  2019 generaLlavePrivada-2.php
   4 -rw-r--r--     1 wwwtefac wwwtefac    1616 Oct 15  2019 generaLlavePrivada-3.php
   4 -rw-r--r--     1 wwwtefac wwwtefac    1476 Oct 15  2019 generaLlavePrivada-4.php
   4 -rw-r--r--     1 wwwtefac wwwtefac    1346 Oct 15  2019 generaLlavePrivada-5.php
   4 -rw-r--r--     1 wwwtefac wwwtefac    3299 Oct 15  2019 generaLlavePrivada.php
  24 -rw-r--r--     1 wwwtefac wwwtefac   23364 Feb 22  2020 generaPDFTemporal.php
   8 -rw-r--r--     1 wwwtefac wwwtefac    6488 Oct 15  2019 generaPreFactura.php
  44 -rw-r--r--     1 wwwtefac wwwtefac   43948 Jul 12  2022 GenerarComplementoPagoOLD3.php
  44 -rw-r--r--     1 wwwtefac wwwtefac   44563 Jul 12  2022 GenerarComplementoPagoOLD4.php
  44 -rw-r--r--     1 wwwtefac wwwtefac   44810 Jul 13  2022 GenerarComplementoPagoOLD5.php
  48 -rw-r--r--     1 wwwtefac wwwtefac   47389 Jul 21  2022 GenerarComplementoPagoOLD6.php
  52 -rw-r--r--     1 wwwtefac wwwtefac   52108 Jul 25  2022 GenerarComplementoPagoOLD7.php
  52 -rw-r--r--     1 wwwtefac wwwtefac   52229 Sep 26  2022 GenerarComplementoPagoOLD8.php
  48 -rw-r--r--     1 wwwtefac wwwtefac   46688 Jan  5  2022 GenerarComplementoPagoOLD.php
  28 -rw-r--r--     1 wwwtefac wwwtefac   25783 Jan 10  2020 GenerarComplementoPagoPasado1.php
  52 -rw-r--r--     1 wwwtefac wwwtefac   52432 Apr 24  2023 GenerarComplementoPago.php
   8 -rw-r--r--     1 wwwtefac wwwtefac    6694 Oct 15  2019 generarFactura2.php
  52 -rw-r--r--     1 wwwtefac wwwtefac   52274 Oct 15  2019 generarFacturaCliente-Guardada.php
  60 -rw-r--r--     1 wwwtefac wwwtefac   58952 May 25  2022 generarFacturaClienteOLD2.php
  60 -rw-r--r--     1 wwwtefac wwwtefac   58221 Jul 27  2020 generarFacturaClienteOLD.php
  60 -rw-r--r--     1 wwwtefac wwwtefac   58347 Jun  4  2022 generarFacturaCliente.php
  72 -rw-r--r--     1 wwwtefac wwwtefac   69886 Jun 19  2023 generarFacturaClienteV4Guardada.php
  64 -rw-r--r--     1 wwwtefac wwwtefac   61901 Mar 30  2023 generarFacturaClienteV4OLD10.php
  64 -rw-r--r--     1 wwwtefac wwwtefac   61922 Apr  4  2023 generarFacturaClienteV4OLD11.php
  64 -rw-r--r--     1 wwwtefac wwwtefac   61792 Apr 14  2023 generarFacturaClienteV4OLD12.php
  64 -rw-r--r--     1 wwwtefac wwwtefac   61861 Apr 27  2023 generarFacturaClienteV4OLD13.php
  68 -rw-r--r--     1 wwwtefac wwwtefac   65544 Aug 29  2023 generarFacturaClienteV4OLD14.php
  60 -rw-r--r--     1 wwwtefac wwwtefac   60630 Jun  4  2022 generarFacturaClienteV4OLD2.php
  60 -rw-r--r--     1 wwwtefac wwwtefac   60722 Jun  4  2022 generarFacturaClienteV4OLD3.php
  60 -rw-r--r--     1 wwwtefac wwwtefac   60746 Mar 11  2023 generarFacturaClienteV4OLD4.php
  60 -rw-r--r--     1 wwwtefac wwwtefac   60709 Mar 13  2023 generarFacturaClienteV4OLD5.php
  60 -rw-r--r--     1 wwwtefac wwwtefac   61121 Mar 23  2023 generarFacturaClienteV4OLD6.php
  64 -rw-r--r--     1 wwwtefac wwwtefac   61559 Mar 24  2023 generarFacturaClienteV4OLD7.php
  60 -rw-r--r--     1 wwwtefac wwwtefac   61152 Mar 24  2023 generarFacturaClienteV4OLD8.php
  64 -rw-r--r--     1 wwwtefac wwwtefac   61657 Mar 24  2023 generarFacturaClienteV4OLD9.php
  60 -rw-r--r--     1 wwwtefac wwwtefac   60697 Mar 12  2022 generarFacturaClienteV4OLD.php
  68 -rw-r--r--     1 wwwtefac wwwtefac   65571 Jun 18 15:43 generarFacturaClienteV4.php
  52 -rw-r--r--     1 wwwtefac wwwtefac   50024 Oct 15  2019 generarFacturaExtended.php
  12 -rw-r--r--     1 wwwtefac wwwtefac    8624 Oct 15  2019 generarFacturaForm-2.php
  36 -rw-r--r--     1 wwwtefac wwwtefac   33797 Oct 15  2019 generarFacturaForm-3.php
  24 -rw-r--r--     1 wwwtefac wwwtefac   24343 Oct 15  2019 generarFacturaForm.php
   4 -rw-r--r--     1 wwwtefac wwwtefac     178 Oct 15  2019 generarFacturaLLamaFuncion.php
  24 -rw-r--r--     1 wwwtefac wwwtefac   24349 Oct 15  2019 generarFactura.php
  60 -rw-r--r--     1 wwwtefac wwwtefac   57436 Oct 15  2019 GenerarFacturaV33-Complementos-7.php
  52 -rw-r--r--     1 wwwtefac wwwtefac   51325 Oct 15  2019 GenerarFacturaV33-Complementos-9.php
  48 -rw-r--r--     1 wwwtefac wwwtefac   47396 Oct 15  2019 generarFacturaWizard-2.php
  44 -rw-r--r--     1 wwwtefac wwwtefac   41326 Oct 15  2019 generarFacturaWizard-3.php
  72 -rw-r--r--     1 wwwtefac wwwtefac   72286 Oct 15  2019 generarFacturaWizard-4-ConC.php
  80 -rw-r--r--     1 wwwtefac wwwtefac   79656 Oct 15  2019 generarFacturaWizard-4-ConVenta-2.php
  76 -rw-r--r--     1 wwwtefac wwwtefac   75245 Oct 15  2019 generarFacturaWizard-4-ConVenta-3.php
  84 -rw-r--r--     1 wwwtefac wwwtefac   82230 Oct 15  2019 generarFacturaWizard-4-ConVenta-4.php
  80 -rw-r--r--     1 wwwtefac wwwtefac   79158 Oct 15  2019 generarFacturaWizard-4-ConVenta-5.php
  80 -rw-r--r--     1 wwwtefac wwwtefac   80584 Oct 15  2019 generarFacturaWizard-4-ConVenta-6.php
  84 -rw-r--r--     1 wwwtefac wwwtefac   82656 Oct 15  2019 generarFacturaWizard-4-ConVenta-7.php
  72 -rw-r--r--     1 wwwtefac wwwtefac   73384 Oct 15  2019 generarFacturaWizard-4-ConVenta.php
  72 -rw-r--r--     1 wwwtefac wwwtefac   72286 Oct 15  2019 generarFacturaWizard-4.php
  52 -rw-r--r--     1 wwwtefac wwwtefac   52768 Oct 15  2019 generarFacturaWizard-5.php
  84 -rw-r--r--     1 wwwtefac wwwtefac   82451 Oct 15  2019 generarFacturaWizard-7.php
  36 -rw-r--r--     1 wwwtefac wwwtefac   35094 Oct 15  2019 generarFacturaWizardNueva-2.php
  52 -rw-r--r--     1 wwwtefac wwwtefac   52017 Oct 15  2019 generarFacturaWizardNueva.php
  76 -rw-r--r--     1 wwwtefac wwwtefac   77402 Oct 15  2019 generarFacturaWizard-.php
  68 -rw-r--r--     1 wwwtefac wwwtefac   66964 Oct 15  2019 generarFacturaWizard.php
  84 -rw-r--r--     1 wwwtefac wwwtefac   82270 Oct 15  2019 generarFacturaWizard-SinNada.php
   8 -rw-r--r--     1 wwwtefac wwwtefac    6017 Oct 15  2019 GenerarMarcadoresBD3.php
  20 -rw-r--r--     1 wwwtefac wwwtefac   17908 Oct 15  2019 GenerarPago.php
   8 -rw-r--r--     1 wwwtefac wwwtefac    6565 Oct 15  2019 generarPagoPorCantidadMuestra.php
  12 -rw-r--r--     1 wwwtefac wwwtefac    8230 May 27  2020 generarQR.php
   8 -rw-r--r--     1 wwwtefac wwwtefac    6746 Oct 20  2019 generarReciboIndividual.php
   4 -rw-r--r--     1 wwwtefac wwwtefac    3504 Oct 15  2019 GenerarTablaPagos.php
   4 drwxr-xr-x     8 wwwtefac wwwtefac    4096 Oct 15  2019 graficas/
  16 -rw-r--r--     1 wwwtefac wwwtefac   14752 Oct 15  2019 graficas-3.php
  16 -rw-r--r--     1 wwwtefac wwwtefac   14672 Oct 15  2019 graficas-Antiguo.php
   8 -rw-r--r--     1 wwwtefac wwwtefac    5002 Oct 15  2019 graficasInicio.php
  20 -rw-r--r--     1 wwwtefac wwwtefac   19596 Dec 18  2019 graficas.php
  72 -rw-r--r--     1 wwwtefac wwwtefac   70166 Oct 15  2019 grid-masonry.php
  76 -rw-r--r--     1 wwwtefac wwwtefac   75759 Oct 15  2019 grid.php
   4 -rw-r--r--     1 wwwtefac wwwtefac    1721 Oct 15  2019 guardaActividadCalendario.php
   4 -rw-r--r--     1 wwwtefac wwwtefac    3144 Oct 15  2019 GuardandoAuto.php
   4 -rw-r--r--     1 wwwtefac wwwtefac    3303 Oct 15  2019 GuardandoCambiosAuto.php
   4 -rw-r--r--     1 wwwtefac wwwtefac    1011 Jun  3  2022 GuardandoCambiosCliente-2.php
   4 -rw-r--r--     1 wwwtefac wwwtefac    1697 Mar 12  2022 GuardandoCambiosClienteOLD2.php
   4 -rw-r--r--     1 wwwtefac wwwtefac    1437 Mar  9  2020 GuardandoCambiosClienteOLD.php
   4 -rw-r--r--     1 wwwtefac wwwtefac    2117 Jan 30  2023 GuardandoCambiosCliente.php
   4 -rw-r--r--     1 wwwtefac wwwtefac     773 Mar 31  2020 GuardandoCambiosCorreosEnvioFacturas.php
   4 -rw-r--r--     1 wwwtefac wwwtefac     544 Oct 15  2019 GuardandoCambiosCuentaBanco.php
   4 -rw-r--r--     1 wwwtefac wwwtefac    3476 Sep 13  2021 GuardandoCambiosDatosFiscales.php
   4 -rw-r--r--     1 wwwtefac wwwtefac     718 Mar  3  2020 GuardandoCambiosDescripcionFactura.php
   4 -rw-r--r--     1 wwwtefac wwwtefac    1065 Oct 15  2019 GuardandoCambiosProducto.php
   4 -rw-r--r--     1 wwwtefac wwwtefac    1516 Apr 22  2020 GuardandoCambiosProveedor.php
   4 -rw-r--r--     1 wwwtefac wwwtefac    1155 Mar 29  2023 GuardandoCambiosUsuarioOLD2.php
   4 -rw-r--r--     1 wwwtefac wwwtefac    1120 Mar 31  2020 GuardandoCambiosUsuarioOLD.php
   4 -rw-r--r--     1 wwwtefac wwwtefac    1182 Mar 30  2023 GuardandoCambiosUsuario.php
   4 -rw-r--r--     1 wwwtefac wwwtefac    1455 Oct 15  2019 GuardandoCerFIEL.php
   4 -rw-r--r--     1 wwwtefac wwwtefac    4080 Oct 15  2019 GuardandoCer.php
   4 -rw-r--r--     1 wwwtefac wwwtefac    2635 Mar 12  2020 GuardandoClienteOLD.php
   4 -rw-r--r--     1 wwwtefac wwwtefac    2859 Nov 16  2022 GuardandoCliente.php
   4 -rw-r--r--     1 wwwtefac wwwtefac    1015 Oct 15  2019 GuardandoCorreoEnvioFactura.php
   8 -rw-r--r--     1 wwwtefac wwwtefac    5771 Oct 15  2019 GuardandoCSD.php
   4 -rw-r--r--     1 wwwtefac wwwtefac    1749 Oct 15  2019 GuardandoCuentaBancaria.php
   4 -rw-r--r--     1 wwwtefac wwwtefac    2722 Dec 14  2023 GuardandoDatosFiscalesConUsuarioCAMBIARPARAQUEFUNCIONE.php
   4 -rw-r--r--     1 wwwtefac wwwtefac    2442 Mar 28  2023 GuardandoDatosFiscales.php
   4 -rw-r--r--     1 wwwtefac wwwtefac     645 Apr 12  2020 GuardandoDisenoFactura.php
   4 -rw-r--r--     1 wwwtefac wwwtefac    1636 Oct 15  2019 GuardandoDocumentoParaFirmar.php
  12 -rw-r--r--     1 wwwtefac wwwtefac    8362 Oct 15  2019 GuardandoEmpleado.php
   4 -rw-r--r--     1 wwwtefac wwwtefac     927 Mar 31  2020 GuardandoEstatusAccesoUsuarios.php
   4 -rw-r--r--     1 wwwtefac wwwtefac    1160 Oct 15  2019 GuardandoEstatusEnvioCorreo.php
   4 -rw-r--r--     1 wwwtefac wwwtefac    1116 Mar 17  2020 GuardandoEstatusEnvioCorreoUsuarios.php
   4 -rw-r--r--     1 wwwtefac wwwtefac    1049 Oct 15  2019 GuardandoFalta.php
   4 -rw-r--r--     1 wwwtefac wwwtefac    2811 Oct 15  2019 GuardandoHorarioComidaEmpleado.php
   4 -rw-r--r--     1 wwwtefac wwwtefac    2902 Oct 15  2019 GuardandoHorarioLaboralEmpleado.php
   4 -rw-r--r--     1 wwwtefac wwwtefac    1460 Oct 15  2019 GuardandoKeyFIEL.php
   4 -rw-r--r--     1 wwwtefac wwwtefac    2689 Oct 15  2019 GuardandoKey.php
   4 -rw-r--r--     1 wwwtefac wwwtefac    1388 Apr  3  2020 GuardandoLogo.php
   8 -rw-r--r--     1 wwwtefac wwwtefac    8148 Apr 23  2020 GuardandoObservacionesOLD.php
  12 -rw-r--r--     1 wwwtefac wwwtefac    8617 Aug  1  2023 GuardandoObservaciones.php
   8 -rw-r--r--     1 wwwtefac wwwtefac    4518 Oct 15  2019 GuardandoPreferenciasNomina.php
   4 -rw-r--r--     1 wwwtefac wwwtefac    2410 Oct 15  2019 GuardandoProductoCatalogo.php
   4 -rw-r--r--     1 wwwtefac wwwtefac    2717 Apr 22  2020 GuardandoProveedor.php
  12 -rw-r--r--     1 wwwtefac wwwtefac    8669 Apr 24  2020 GuardandoRespuestaObservaciones.php
   4 -rw-r--r--     1 wwwtefac wwwtefac    2781 Mar 31  2020 GuardandoUsuarioOLD.php
   4 -rw-r--r--     1 wwwtefac wwwtefac    2787 Mar 29  2023 GuardandoUsuario.php
   4 -rw-r--r--     1 wwwtefac wwwtefac    2845 Oct 15  2019 GuardandoValesTarjeta.php
   4 -rw-r--r--     1 wwwtefac wwwtefac    2221 Oct 15  2019 guardarFacturaManual.php
   4 -rw-r--r--     1 wwwtefac wwwtefac    3681 Oct 15  2019 GuardarGastos.php
  16 -rw-r--r--     1 wwwtefac wwwtefac   15538 Oct 15  2019 GuardarPagoSinTimbrar-2.php
   8 -rw-r--r--     1 wwwtefac wwwtefac    6845 Oct 20  2019 GuardarPagoSinTimbrar.php
   4 -rw-r--r--     1 wwwtefac wwwtefac     495 Oct 15  2019 GuardarProductoCatalogo.php
   8 -rw-r--r--     1 wwwtefac wwwtefac    4727 Jun 16  2023 GuardarSinTimbrar-2.php
  32 -rw-r--r--     1 wwwtefac wwwtefac   29683 Oct 15  2019 GuardarSinTimbrar.php
   8 -rw-r--r--     1 wwwtefac wwwtefac    7508 Oct 15  2019 guardaXMLLeidoFunction.php
  16 -rw-r--r--     1 wwwtefac wwwtefac   16100 Oct 15  2019 guardaXMLLeido.php
  16 -rw-r--r--     1 wwwtefac wwwtefac   15855 Oct 15  2019 guardaXMLLeidoRecibido.php
   4 -rw-r--r--     1 wwwtefac wwwtefac     798 Oct 15  2019 horaActual.php
   8 -rw-r--r--     1 wwwtefac wwwtefac    5842 Jan 11 23:12 .htaccess
  16 -rw-r--r--     1 wwwtefac wwwtefac   13197 Oct 15  2019 HTMLFactura-ConXML.php
  12 -rw-r--r--     1 wwwtefac wwwtefac    8436 Oct 15  2019 HTMLFactura.php
   4 drwxr-xr-x     2 wwwtefac wwwtefac    4096 Oct 15  2019 i18n/
 172 -rw-r--r--     1 wwwtefac wwwtefac  174395 Oct 15  2019 icons-font.php
 148 -rw-r--r--     1 wwwtefac wwwtefac  149075 Oct 15  2019 icons-weather.php
   4 -rw-r--r--     1 wwwtefac wwwtefac    1244 Oct 15  2019 iedu.xslt
   4 -rw-r--r--     1 wwwtefac wwwtefac     431 Oct 15  2019 imagenesPDF.php
   4 drwxr-xr-x     3 wwwtefac wwwtefac    4096 Apr 23  2020 images/
   4 drwxr-xr-x     3 wwwtefac wwwtefac    4096 Apr  6 10:59 img/
   4 -rw-r--r--     1 wwwtefac wwwtefac    1827 Oct 15  2019 implocal.xslt
   8 -rw-r--r--     1 root     root        4788 Jun 26 13:22 index_260624.php.bkp
   8 -rw-r--r--     1 wwwtefac wwwtefac    4788 Jun  7  2023 index.php
   8 -rw-r--r--     1 root     root        4788 Jun 26 13:24 indexTestSP.php
   4 -rw-r--r--     1 wwwtefac wwwtefac    1966 Oct 15  2019 ine10.xslt
   4 -rw-r--r--     1 wwwtefac wwwtefac    1966 Oct 15  2019 ine11.xslt
   4 -rw-r--r--     1 wwwtefac wwwtefac      20 Oct 15  2019 info.php
  32 -rw-r--r--     1 wwwtefac wwwtefac   32657 Oct 15  2019 Inicio-2.php
  24 -rw-r--r--     1 wwwtefac wwwtefac   21165 Oct 15  2019 InicioFacturacionAnterior.php
  24 -rw-r--r--     1 wwwtefac wwwtefac   21165 Oct 15  2019 InicioFacturacion.php
  24 -rw-r--r--     1 wwwtefac wwwtefac   21185 Oct 15  2019 Inicio.php
   4 -rw-r--r--     1 wwwtefac wwwtefac    1857 Oct 15  2019 intereseshipotecarios.xslt
   4 -rw-r--r--     1 wwwtefac wwwtefac    1620 Oct 15  2019 intereses.xslt
   8 -rw-r--r--     1 wwwtefac wwwtefac    5532 Jun 13 12:10 interface.IConectorServisim.php
   8 -rw-r--r--     1 wwwtefac wwwtefac    5532 Jun 13 12:10 interface.IConectorServisimV33.php
   4 drwxr-xr-x     2 wwwtefac wwwtefac    4096 Oct 15  2019 jqGrid/
  24 -rw-r--r--     1 wwwtefac wwwtefac   23730 Oct 15  2019 jqgrid.json
   4 -rw-r--r--     1 wwwtefac wwwtefac    3763 Oct 15  2019 jqgrid-tree.json
   4 drwxr-xr-x     3 wwwtefac wwwtefac    4096 Mar 30  2023 js/
   4 drwxr-xr-x     2 wwwtefac wwwtefac    4096 Oct 15  2019 language/
   4 -rw-r--r--     1 wwwtefac wwwtefac    4025 Mar  9  2020 LeerComplementoPago.php
   8 -rw-r--r--     1 wwwtefac wwwtefac    5968 Oct 15  2019 leerCorreo-2.php
   8 -rw-r--r--     1 wwwtefac wwwtefac    6578 Oct 15  2019 leerCorreo-3.php
   8 -rw-r--r--     1 wwwtefac wwwtefac    4265 Oct 15  2019 leerCorreo-4.php
   4 -rw-r--r--     1 wwwtefac wwwtefac    1321 Oct 15  2019 leerCorreo.php
   4 -rw-r--r--     1 wwwtefac wwwtefac    1771 Oct 16  2019 LeerCSVEfos.php
  24 -rw-r--r--     1 wwwtefac wwwtefac   21382 Oct 15  2019 leerPrograma.php
  12 -rw-r--r--     1 wwwtefac wwwtefac   11971 Oct 15  2019 leerSolicitudesFacturas.php
   4 -rw-r--r--     1 wwwtefac wwwtefac    1568 Mar  9  2020 leerTipoRelacion.php
  12 -rw-r--r--     1 wwwtefac wwwtefac    9041 Oct 15  2019 leerXML33-Pagos.php
  12 -rw-r--r--     1 wwwtefac wwwtefac    9904 Oct 15  2019 leerXML33.php
   4 -rw-r--r--     1 wwwtefac wwwtefac    3049 Oct 15  2019 leerXMLSimple.php
   4 -rw-r--r--     1 wwwtefac wwwtefac    1410 Oct 15  2019 leyendasFisc.xslt
  16 -rw-r--r--     1 wwwtefac wwwtefac   14182 Oct 15  2019 listaAutos.php
  16 -rw-r--r--     1 wwwtefac wwwtefac   14866 Oct 15  2019 listaChoferes.php
  16 -rw-r--r--     1 wwwtefac wwwtefac   13724 Oct 15  2019 listaClientes-2.php
  16 -rw-r--r--     1 wwwtefac wwwtefac   14025 Apr  5  2020 listaClientesFacturacion.php
  16 -rw-r--r--     1 wwwtefac wwwtefac   13726 Oct 15  2019 listaClientesGasolineras.php
  32 -rw-r--r--     1 wwwtefac wwwtefac   30581 May 13  2022 listaClientesNormalOLD2.php
  32 -rw-r--r--     1 wwwtefac wwwtefac   30684 Jun  3  2022 listaClientesNormalOLD3.php
  32 -rw-r--r--     1 wwwtefac wwwtefac   30686 Mar 23  2023 listaClientesNormalOLD4.php
  28 -rw-r--r--     1 wwwtefac wwwtefac   24807 Apr 15  2020 listaClientesNormalOLD.php
  32 -rw-r--r--     1 wwwtefac wwwtefac   30912 Mar 30  2023 listaClientesNormal.php
  16 -rw-r--r--     1 wwwtefac wwwtefac   12966 Oct 15  2019 listaClientes.php
  16 -rw-r--r--     1 wwwtefac wwwtefac   12608 Oct 15  2019 listaCuentasBancoOLD.php
  16 -rw-r--r--     1 wwwtefac wwwtefac   14039 Jul  9  2022 listaCuentasBanco.php
  28 -rw-r--r--     1 wwwtefac wwwtefac   24827 Oct 15  2019 listaEmpleados.php
   8 -rw-r--r--     1 wwwtefac wwwtefac    7775 May 22  2020 listaEnviosFacturas.php
  16 -rw-r--r--     1 wwwtefac wwwtefac   14814 Oct 15  2019 listaFacturas-2.php
 108 -rw-r--r--     1 wwwtefac wwwtefac  108993 Mar 11 16:10 listaFacturas31.php
  12 -rw-r--r--     1 wwwtefac wwwtefac    8821 Oct 15  2019 listaFacturas-3.php
   8 -rw-r--r--     1 wwwtefac wwwtefac    7575 Oct 15  2019 listaFacturasAntiguo.php
 100 -rw-r--r--     1 wwwtefac wwwtefac   98421 Apr  4  2022 listaFacturasOL3.php
 100 -rw-r--r--     1 wwwtefac wwwtefac  100915 Jun 16  2022 listaFacturasOLD10.php
 100 -rw-r--r--     1 wwwtefac wwwtefac  100921 Jan 30  2023 listaFacturasOLD11.php
 100 -rw-r--r--     1 wwwtefac wwwtefac  101848 Mar 15  2023 listaFacturasOLD12.php
 104 -rw-r--r--     1 wwwtefac wwwtefac  102511 Mar 23  2023 listaFacturasOLD13.php
 104 -rw-r--r--     1 wwwtefac wwwtefac  102464 Mar 30  2023 listaFacturasOLD14.php
 104 -rw-r--r--     1 wwwtefac wwwtefac  102510 Apr 22  2023 listaFacturasOLD15.php
 108 -rw-r--r--     1 wwwtefac wwwtefac  107297 Apr 30  2023 listaFacturasOLD16MAL.php
 104 -rw-r--r--     1 wwwtefac wwwtefac  102501 Apr 25  2023 listaFacturasOLD17.php
 108 -rw-r--r--     1 wwwtefac wwwtefac  108355 May  1  2023 listaFacturasOLD18.php
 108 -rw-r--r--     1 wwwtefac wwwtefac  108723 May 15  2023 listaFacturasOLD19.php
 108 -rw-r--r--     1 wwwtefac wwwtefac  108747 Jun  9  2023 listaFacturasOLD20.php
 108 -rw-r--r--     1 wwwtefac wwwtefac  108747 Jul  4  2023 listaFacturasOLD21.php
  72 -rw-r--r--     1 wwwtefac wwwtefac   73698 Feb 23  2022 listaFacturasOLD2.php
 108 -rw-r--r--     1 wwwtefac wwwtefac  108995 Jul  6  2023 listaFacturasOLD30.php
  80 -rw-r--r--     1 wwwtefac wwwtefac   78430 Mar  1  2022 listaFacturasOLD3.php
  96 -rw-r--r--     1 wwwtefac wwwtefac   95984 Mar 26  2022 listaFacturasOLD4.php
  96 -rw-r--r--     1 wwwtefac wwwtefac   96027 Mar 28  2022 listaFacturasOLD5.php
  96 -rw-r--r--     1 wwwtefac wwwtefac   96039 Mar 28  2022 listaFacturasOLD6.php
  96 -rw-r--r--     1 wwwtefac wwwtefac   96264 Mar 31  2022 listaFacturasOLD7.php
 100 -rw-r--r--     1 wwwtefac wwwtefac  100017 May 11  2022 listaFacturasOLD8.php
 100 -rw-r--r--     1 wwwtefac wwwtefac  101005 Jun  2  2022 listaFacturasOLD9.php
  72 -rw-r--r--     1 wwwtefac wwwtefac   73407 Jan 12  2022 listaFacturasOLD.php
  84 -rw-r--r--     1 wwwtefac wwwtefac   82043 Oct 15  2019 listaFacturas-Original.php
  48 -rw-r--r--     1 wwwtefac wwwtefac   45256 Feb 18  2020 listaFacturasPasada1.php
 108 -rw-r--r--     1 wwwtefac wwwtefac  109495 Mar 12 10:32 listaFacturas.php
  16 -rw-r--r--     1 wwwtefac wwwtefac   16289 Oct 15  2019 listaFacturasRecibidas - copia.php
  36 -rw-r--r--     1 wwwtefac wwwtefac   35342 Apr 15  2020 listaFacturasRecibidas.php
  16 -rw-r--r--     1 wwwtefac wwwtefac   14962 Apr  3  2020 listaProductosCatalogo.php
  28 -rw-r--r--     1 wwwtefac wwwtefac   26456 Mar  6  2020 listaProductosFacturados.php
   8 -rw-r--r--     1 wwwtefac wwwtefac    6082 Oct 15  2019 listaProductosPorFactura.php
  32 -rw-r--r--     1 wwwtefac wwwtefac   31193 Apr  4  2020 listaProductosRecibidos.php
  24 -rw-r--r--     1 wwwtefac wwwtefac   22577 Mar  6  2020 listaProveedores.php
  28 -rw-r--r--     1 wwwtefac wwwtefac   28172 Apr  3  2020 listaSolicitudesFacturas.php
  16 -rw-r--r--     1 wwwtefac wwwtefac   14176 Mar 31  2020 listaUsuarios.php
  16 -rw-r--r--     1 wwwtefac wwwtefac   13145 Oct 15  2019 listaValesTarjetas.php
   4 -rw-r--r--     1 wwwtefac wwwtefac    3002 Oct 15  2019 lock.php
   4 -rw-r--r--     1 wwwtefac wwwtefac    3724 Oct 15  2019 login.php
   4 drwxrwxrwx     2 wwwtefac wwwtefac    4096 Jun 14  2022 Logos/
   8 -rw-r--r--     1 wwwtefac wwwtefac    5971 Oct 15  2019 mapsFlotilla-2.php
   8 -rw-r--r--     1 wwwtefac wwwtefac    6014 Oct 15  2019 mapsFlotilla.php
   4 -rw-r--r--     1 wwwtefac wwwtefac    2558 Feb  6  2020 migrarCatalogo.php
  16 -rw-r--r--     1 wwwtefac wwwtefac   13296 May  3  2022 migrarVersionCopiaClientes.php
  12 -rw-r--r--     1 wwwtefac wwwtefac   11130 Mar 24  2022 migrarVersion.php
  32 -rw-r--r--     1 wwwtefac wwwtefac   28814 Mar 25  2022 modalPagos.php
   4 -rw-r--r--     1 wwwtefac wwwtefac    3531 May 12  2022 modificaClientes.php
  40 -rw-r--r--     1 wwwtefac wwwtefac   40662 Oct 15  2019 ModificarMostrarEmpleado.php
  20 -rw-r--r--     1 wwwtefac wwwtefac   18632 Oct 15  2019 mostrarEditarAuto.php
  36 -rw-r--r--     1 wwwtefac wwwtefac   34805 Mar 31  2020 mostrarEditarCliente-2OLD.php
  36 -rw-r--r--     1 wwwtefac wwwtefac   35642 Mar 12  2022 mostrarEditarCliente-2.php
  20 -rw-r--r--     1 wwwtefac wwwtefac   18761 Oct 15  2019 mostrarEditarCliente-3.php
  12 -rw-r--r--     1 wwwtefac wwwtefac   10512 Oct 15  2019 mostrarEditarCliente.php
  12 -rw-r--r--     1 wwwtefac wwwtefac   11330 Oct 15  2019 mostrarEditarCuentaBanco.php
  12 -rw-r--r--     1 wwwtefac wwwtefac    8522 Oct 15  2019 mostrarEditar.php
  24 -rw-r--r--     1 wwwtefac wwwtefac   23989 Jan 13  2020 mostrarEditarProducto.php
  24 -rw-r--r--     1 wwwtefac wwwtefac   22457 Apr 22  2020 mostrarEditarProveedor.php
  16 -rw-r--r--     1 wwwtefac wwwtefac   13223 Mar 31  2020 mostrarEditarUsuarioOLD.php
  16 -rw-r--r--     1 wwwtefac wwwtefac   13488 Mar 30  2023 mostrarEditarUsuario.php
  12 -rw-r--r--     1 wwwtefac wwwtefac    8445 Oct 15  2019 MostrarModificarProductoCatalogo.php
   4 drwxr-xr-x    16 wwwtefac wwwtefac    4096 Aug 12  2021 mpdf60/
   4 -rw-r--r--     1 wwwtefac wwwtefac    1041 Oct 15  2019 navBarHeader.php
  68 -rw-r--r--     1 wwwtefac wwwtefac   67249 Oct 15  2019 nestable.php
  12 -rw-r--r--     1 wwwtefac wwwtefac   10749 Oct 15  2019 nomina11.xslt
  20 -rw-r--r--     1 wwwtefac wwwtefac   17105 Oct 15  2019 nomina12.xslt
  12 -rw-r--r--     1 wwwtefac wwwtefac   11323 Oct 15  2019 notariospublicos.xslt
  76 -rw-r--r--     1 wwwtefac wwwtefac   76578 Oct 15  2019 notifications.php
   4 -rw-r--r--     1 wwwtefac wwwtefac    1603 Oct 15  2019 obrasarteantiguedades.xslt
   4 -rw-r--r--     1 wwwtefac wwwtefac    1904 Oct 15  2019 obtenerLocalizacion.php
   4 drwxr-xr-x     4 wwwtefac wwwtefac    4096 Oct 15  2019 Openpay/
   4 -rw-r--r--     1 wwwtefac wwwtefac    1165 Oct 15  2019 operacionesconderivados.xslt
  12 -rw-r--r--     1 wwwtefac wwwtefac   11294 Apr  5  2020 PagarPlanes.php
   4 -rw-r--r--     1 wwwtefac wwwtefac    1484 Oct 15  2019 pagoenespecie.xslt
  24 -rw-r--r--     1 wwwtefac wwwtefac   24147 Jun 20  2022 pagoFacturasMultiplesOLD2.php
  24 -rw-r--r--     1 wwwtefac wwwtefac   24362 Jun 24  2022 pagoFacturasMultiplesOLD3.php
  28 -rw-r--r--     1 wwwtefac wwwtefac   25333 Jul  9  2022 pagoFacturasMultiplesOLD4.php
  28 -rw-r--r--     1 wwwtefac wwwtefac   25940 Jul 10  2022 pagoFacturasMultiplesOLD5.php
  28 -rw-r--r--     1 wwwtefac wwwtefac   25984 Jul 10  2022 pagoFacturasMultiplesOLD6.php
  28 -rw-r--r--     1 wwwtefac wwwtefac   26133 Apr 24  2023 pagoFacturasMultiplesOLD7.php
  40 -rw-r--r--     1 wwwtefac wwwtefac   40485 May  8  2023 pagoFacturasMultiplesOLD8.php
  28 -rw-r--r--     1 wwwtefac wwwtefac   25362 Jun 20  2022 pagoFacturasMultiplesOLD.php
  44 -rw-r--r--     1 wwwtefac wwwtefac   41108 Apr  6 11:12 pagoFacturasMultiples.php
  28 -rw-r--r--     1 wwwtefac wwwtefac   27086 Apr 25  2023 pagoFacturasMultiplesSinCancelar.php
   8 -rw-r--r--     1 wwwtefac wwwtefac    6119 Jan  9  2020 Pagos10.xslt
   4 -rw-r--r--     1 wwwtefac wwwtefac    2712 Oct 15  2019 pagosaextranjeros.xslt
  24 -rw-r--r--     1 wwwtefac wwwtefac   20815 Oct 15  2019 pagoTarjetaNuevo.php
  80 -rw-r--r--     1 wwwtefac wwwtefac   81047 Oct 15  2019 panels.php
   4 -rw-r--r--     1 wwwtefac wwwtefac    3928 Oct 15  2019 ParametrosGeneracionCFDI.xsd
1436 drwxrwxrwx     2 wwwtefac wwwtefac 1466368 Jun 26 10:47 PDFCFDIEmitidos/
 160 drwxrwxrwx     2 wwwtefac wwwtefac  159744 Sep 13  2022 PDFCFDIRecibidos/
  24 -rw-r--r--     1 wwwtefac wwwtefac   21908 Oct 15  2019 PDFNomina-2.php
  24 -rw-r--r--     1 wwwtefac wwwtefac   22390 Oct 15  2019 PDFNomina.php
   8 -rw-r--r--     1 wwwtefac wwwtefac    7699 Oct 15  2019 PDFReciboPago-2.php
   8 -rw-r--r--     1 wwwtefac wwwtefac    6306 Oct 20  2019 PDFReciboPago.php
   4 -rw-r--r--     1 wwwtefac wwwtefac    1010 Oct 15  2019 pfic.xslt
   4 -rw-r--r--     1 wwwtefac wwwtefac      21 May  4  2022 phpinfo.php
   4 -rw-r--r--     1 wwwtefac wwwtefac      22 Oct 15  2019 phpInfo.php
  72 -rw-r--r--     1 wwwtefac wwwtefac   71369 Jan  7  2020 php.ini
   4 -rw-r--r--     1 wwwtefac wwwtefac    2135 Oct 15  2019 planesderetiro.xslt
  76 -rw-r--r--     1 wwwtefac wwwtefac   74656 Oct 15  2019 plans.php
  28 -rw-r--r--     1 wwwtefac wwwtefac   24789 Oct 15  2019 popcalendar.js
  72 -rw-r--r--     1 wwwtefac wwwtefac   73515 Oct 15  2019 portlets.php
   4 -rw-r--r--     1 wwwtefac wwwtefac    3412 Apr 18  2020 preDiseño.php
  28 -rw-r--r--     1 wwwtefac wwwtefac   27283 Oct 15  2019 PreferenciasNomina.php
   4 -rw-r--r--     1 wwwtefac wwwtefac    1345 Oct 15  2019 premios.xslt
   4 -rw-r--r--     1 wwwtefac wwwtefac    2484 Oct 15  2019 promocion1.php
  32 -rw-r--r--     1 wwwtefac wwwtefac   30745 Oct 15  2019 Promociones.jpg
   4 -rw-r--r--     1 wwwtefac wwwtefac     661 Oct 15  2019 pruebaAbecedario.php
  36 -rw-r--r--     1 wwwtefac wwwtefac   33515 Oct 15  2019 pruebaAutCompleta.php
   8 -rw-r--r--     1 wwwtefac wwwtefac    7773 Oct 15  2019 pruebaCalendarJS-2.php
  28 -rw-r--r--     1 wwwtefac wwwtefac   25854 Oct 15  2019 pruebaCalendarJS.php
  24 -rw-r--r--     1 wwwtefac wwwtefac   21426 Feb 23  2022 PruebaCancelar.php
   4 -rw-r--r--     1 wwwtefac wwwtefac    2318 Oct 15  2019 pruebaCarga.php
   4 -rw-r--r--     1 wwwtefac wwwtefac     478 Oct 15  2019 pruebaComposer.php
  12 -rw-r--r--     1 wwwtefac wwwtefac    8601 Oct 15  2019 PruebaComprobanteNomina.php
  16 -rw-r--r--     1 wwwtefac wwwtefac   16234 Oct 15  2019 pruebaDataTables.php
   4 -rw-r--r--     1 wwwtefac wwwtefac    1465 Jun 18 09:50 pruebaEnvio2.php
   4 -rw-r--r--     1 wwwtefac wwwtefac    1931 Jun 18 11:11 pruebaEnvio3.php
   4 -rw-r--r--     1 wwwtefac wwwtefac     247 Jun 18 10:54 pruebaEnvio56.php
   8 -rw-r--r--     1 wwwtefac wwwtefac    4194 Jun 18 08:22 pruebaEnvio.php
   4 -rw-r--r--     1 wwwtefac wwwtefac    1388 Oct 15  2019 pruebaExcelAsistencias.php
   4 -rw-r--r--     1 wwwtefac wwwtefac     588 Oct 15  2019 pruebaFacturaPDF.php
  16 -rw-r--r--     1 wwwtefac wwwtefac   13219 Oct 15  2019 pruebaFilaFija.php
   4 -rw-r--r--     1 wwwtefac wwwtefac    2497 Oct 20  2019 PruebaGeneraPDF.php
   4 -rw-r--r--     1 wwwtefac wwwtefac      50 Oct 15  2019 PruebaHost.php
   4 -rw-r--r--     1 wwwtefac wwwtefac    3838 Oct 15  2019 prueba-jqgrid.php
   4 -rw-r--r--     1 wwwtefac wwwtefac    1307 Oct 15  2019 pruebaLeerRespuestaXML.php
   8 -rw-r--r--     1 wwwtefac wwwtefac    8049 Apr  3  2020 pruebaLeerxml.php
   4 -rw-r--r--     1 wwwtefac wwwtefac    1335 Oct 15  2019 pruebaModal.php
   4 -rw-r--r--     1 wwwtefac wwwtefac    1241 Oct 15  2019 pruebaMPDF.php
  20 -rw-r--r--     1 wwwtefac wwwtefac   16576 Oct 15  2019 pruebaPDF-2.php
  32 -rw-r--r--     1 wwwtefac wwwtefac   30408 Feb 23  2022 pruebaPDF-F002.php
  32 -rw-r--r--     1 wwwtefac wwwtefac   30881 Feb 23  2022 pruebaPDF-F003.php
  32 -rw-r--r--     1 wwwtefac wwwtefac   31180 Feb 23  2022 pruebaPDF-F004.php
  32 -rw-r--r--     1 wwwtefac wwwtefac   31152 Feb 23  2022 pruebaPDF-F005.php
  24 -rw-r--r--     1 wwwtefac wwwtefac   22487 Feb 23  2022 pruebaPDF.php
   4 -rw-r--r--     1 wwwtefac wwwtefac     243 May  6  2020 PruebaPDFVarias.php
   8 -rw-r--r--     1 wwwtefac wwwtefac    4271 Oct 15  2019 pruebaPosicionMousePost.php
   4 -rw-r--r--     1 wwwtefac wwwtefac     345 Apr  1  2022 pruebaPostComplemento.php
   4 -rw-r--r--     1 wwwtefac wwwtefac     490 Oct 15  2019 Pruebaraiz.php
   4 -rw-r--r--     1 wwwtefac wwwtefac    3382 Oct 15  2019 pruebaRecepcion-Complementos-2.php
  32 -rw-r--r--     1 wwwtefac wwwtefac   31838 Oct 15  2019 pruebaRecepcion-ComplementosOLD.php
  60 -rw-r--r--     1 wwwtefac wwwtefac   58732 Feb 16  2023 pruebaRecepcion-Complementos.php
   4 drwxr-xr-x     2 wwwtefac wwwtefac    4096 Oct 15  2019 Pruebas/
  12 -rw-r--r--     1 wwwtefac wwwtefac   10917 Oct 15  2019 pruebaScrollbar.php
   8 -rw-r--r--     1 wwwtefac wwwtefac    4173 Oct 15  2019 Prueba_Sergio-ConImagenPost.php
   4 -rw-r--r--     1 wwwtefac wwwtefac     248 Oct 15  2019 pruebasVarias.php
   4 -rw-r--r--     1 wwwtefac wwwtefac    3968 Oct 15  2019 PruebaTCPDF.php
   4 -rw-r--r--     1 wwwtefac wwwtefac    1553 Oct 15  2019 PruebaX-Editable.php
  48 -rw-r--r--     1 wwwtefac wwwtefac   47838 Apr 24  2023 pruebaXMLPagos2_0_MultiplesOLD2.php
  48 -rw-r--r--     1 wwwtefac wwwtefac   47956 Apr 25  2023 pruebaXMLPagos2_0_MultiplesOLD3.php
  52 -rw-r--r--     1 wwwtefac wwwtefac   49214 Apr 25  2023 pruebaXMLPagos2_0_MultiplesOLD4.php
  48 -rw-r--r--     1 wwwtefac wwwtefac   49091 Apr 26  2023 pruebaXMLPagos2_0_MultiplesOLD5.php
  52 -rw-r--r--     1 wwwtefac wwwtefac   49464 May  2  2023 pruebaXMLPagos2_0_MultiplesOLD6.php
  48 -rw-r--r--     1 wwwtefac wwwtefac   47542 Apr 24  2023 pruebaXMLPagos2_0_MultiplesOLD.php
  52 -rw-r--r--     1 wwwtefac wwwtefac   49523 May  8  2023 pruebaXMLPagos2_0_Multiples.php
  48 -rw-r--r--     1 wwwtefac wwwtefac   47887 Apr 25  2023 pruebaXMLPagos2_0_MultiplesTEST.php
  44 -rw-r--r--     1 wwwtefac wwwtefac   42766 Apr  4  2022 pruebaXMLPagos2_0OLD2.php
  44 -rw-r--r--     1 wwwtefac wwwtefac   43996 Apr 15  2022 pruebaXMLPagos2_0OLD3.php
  48 -rw-r--r--     1 wwwtefac wwwtefac   45459 Jan 30  2023 pruebaXMLPagos2_0OLD4.php
  48 -rw-r--r--     1 wwwtefac wwwtefac   45528 Jan 30  2023 pruebaXMLPagos2_0OLD5.php
  48 -rw-r--r--     1 wwwtefac wwwtefac   46445 Apr  1  2022 pruebaXMLPagos2_0OLD.php
  44 -rw-r--r--     1 wwwtefac wwwtefac   44078 Apr 10  2023 pruebaXMLPagos2_0.php
   8 -rw-r--r--     1 wwwtefac wwwtefac    6146 Mar 22  2022 pruebaXMLPagos2_1.php
  12 -rw-r--r--     1 wwwtefac wwwtefac    9051 Mar 23  2022 pruebaXMLPagos2_2.php
   4 -rw-r--r--     1 wwwtefac wwwtefac    1091 Oct 15  2019 psgecfd.xslt
   4 -rw-r--r--     1 wwwtefac wwwtefac     761 Oct 15  2019 QuitarEspacios.php
  28 -rw-r--r--     1 wwwtefac wwwtefac   27726 Oct 15  2019 RealizarPago.php
  20 -rw-r--r--     1 wwwtefac wwwtefac   16888 Apr 28  2020 RecepcionObservaciones.php
   8 -rw-r--r--     1 wwwtefac wwwtefac    6317 May  4  2022 RecepcionTarjeta3DNuevo.php
   8 -rw-r--r--     1 wwwtefac wwwtefac    6458 Oct 20  2019 RecepcionTarjetaNuevo.php
   4 drwxr-xr-x     2 wwwtefac wwwtefac    4096 Aug 12  2020 ReciboPago/
   4 -rw-r--r--     1 wwwtefac wwwtefac    2921 Oct 15  2019 recover.php
  20 -rw-r--r--     1 wwwtefac wwwtefac   17269 Feb  3  2023 registerOLD.php
  20 -rw-r--r--     1 wwwtefac wwwtefac   17329 Dec 14  2023 register.php
   8 -rw-r--r--     1 wwwtefac wwwtefac    4701 Mar 30  2020 RegistrarMultiplePagoSINComplemento.php
   8 -rw-r--r--     1 wwwtefac wwwtefac    4677 Mar 30  2020 RegistrarPagoSINComplemento.php
   4 -rw-r--r--     1 wwwtefac wwwtefac     915 Oct 15  2019 RegresaActividad.php
  12 -rw-r--r--     1 wwwtefac wwwtefac   10100 Oct 15  2019 RegresaAsistencia.php
   4 -rw-r--r--     1 wwwtefac wwwtefac    1206 Mar 12  2022 regresaClienteFactura.php
   4 -rw-r--r--     1 wwwtefac wwwtefac    1220 Oct 15  2019 regresaCliente.php
   4 -rw-r--r--     1 wwwtefac wwwtefac    1486 Mar 12  2022 regresaRFCClienteFactura.php
   8 -rw-r--r--     1 wwwtefac wwwtefac    6777 Oct 15  2019 renovacionysustitucionvehiculos.xslt
   8 -rw-r--r--     1 wwwtefac wwwtefac    4925 Oct 15  2019 RequestXmlRequestEmitidos.php
   8 -rw-r--r--     1 wwwtefac wwwtefac    4927 Oct 15  2019 RequestXmlRequestRecibidos.php
  12 -rw-r--r--     1 wwwtefac wwwtefac    8534 Feb 25  2020 ResumenPDFFacturasEmitidas.php
   8 -rw-r--r--     1 wwwtefac wwwtefac    7485 Oct 15  2019 retenciones.xslt
   0 -rw-r--r--     1 wwwtefac wwwtefac       0 Oct 15  2019 -Retencion.zip
   4 -rw-r--r--     1 wwwtefac wwwtefac    2266 Oct 15  2019 search2.php
   4 -rw-r--r--     1 wwwtefac wwwtefac    1885 Feb 17  2020 searchCatalogoCliente.php
   4 -rw-r--r--     1 wwwtefac wwwtefac     997 Oct 15  2019 searchClave.php
   4 -rw-r--r--     1 wwwtefac wwwtefac    1112 Oct 15  2019 searchClaveProductoAutoComplete.php
   4 -rw-r--r--     1 wwwtefac wwwtefac     938 Oct 15  2019 searchClaveProductoRelleno.php
   4 -rw-r--r--     1 wwwtefac wwwtefac     804 Oct 15  2019 searchCliente.php
   4 -rw-r--r--     1 wwwtefac wwwtefac     832 Oct 15  2019 searchClienteRFC.php
   4 -rw-r--r--     1 wwwtefac wwwtefac    2000 Oct 15  2019 searchCodigoPostal.php
   4 -rw-r--r--     1 wwwtefac wwwtefac    1207 Oct 15  2019 searchDescripcionAdicional.php
   4 -rw-r--r--     1 wwwtefac wwwtefac    1550 Oct 15  2019 searchIDElemento.php
   4 -rw-r--r--     1 wwwtefac wwwtefac    1318 Oct 15  2019 searchListaClientes.php
   4 -rw-r--r--     1 wwwtefac wwwtefac     853 Oct 15  2019 searchMoneda.php
   4 -rw-r--r--     1 wwwtefac wwwtefac     998 Oct 15  2019 searchNombreClave.php
   4 -rw-r--r--     1 wwwtefac wwwtefac    1129 Oct 15  2019 searchNombreClaveUnidad.php
   4 -rw-r--r--     1 wwwtefac wwwtefac    2037 Oct 15  2019 search.php
   4 -rw-r--r--     1 wwwtefac wwwtefac     820 Oct 15  2019 searchPorClaveUnidad.php
   4 -rw-r--r--     1 wwwtefac wwwtefac     805 Oct 15  2019 searchProductoAutoComplete.php
   4 -rw-r--r--     1 wwwtefac wwwtefac     918 Oct 15  2019 searchProductoRelleno.php
   4 -rw-r--r--     1 wwwtefac wwwtefac     779 Oct 15  2019 searchUnidad-2.php
   4 -rw-r--r--     1 wwwtefac wwwtefac    1029 Oct 15  2019 searchUnidad.php
   4 -rw-r--r--     1 wwwtefac wwwtefac    1245 Oct 15  2019 sectorfinanciero.xslt
   4 -rw-r--r--     1 wwwtefac wwwtefac     656 Oct 15  2019 separarNameCer.php
   4 drwxr-xr-x     2 wwwtefac wwwtefac    4096 Oct 15  2019 server/
   4 -rw-r--r--     1 wwwtefac wwwtefac    2145 Oct 15  2019 servicioparcialconstruccion.xslt
  16 -rw-r--r--     1 wwwtefac wwwtefac   15939 Oct 15  2019 sidebarVertical.php
   4 -rw-r--r--     1 wwwtefac wwwtefac    1862 Oct 15  2019 site-en.json
  64 -rw-r--r--     1 wwwtefac wwwtefac   62997 Oct 15  2019 sortable.php
   4 -rw-r--r--     1 wwwtefac wwwtefac    3322 Oct 15  2019 spei.xslt
  96 -rw-r--r--     1 wwwtefac wwwtefac   94447 Oct 15  2019 spinners.php
   4 drwxr-xr-x     2 wwwtefac wwwtefac    4096 Oct 15  2019 src/
  64 -rw-r--r--     1 wwwtefac wwwtefac   64490 Oct 15  2019 sweetalert.php
 132 -rw-r--r--     1 wwwtefac wwwtefac  135106 Oct 15  2019 table-datatable.php
  24 -rw-r--r--     1 wwwtefac wwwtefac   23184 Oct 15  2019 table-extended.php
  44 -rw-r--r--     1 wwwtefac wwwtefac   42544 Oct 15  2019 table-jqgrid-2.php
  64 -rw-r--r--     1 wwwtefac wwwtefac   62925 Oct 15  2019 table-jqgrid.php
  72 -rw-r--r--     1 wwwtefac wwwtefac   73673 Oct 15  2019 table-standard.php
   8 -rw-r--r--     1 wwwtefac wwwtefac    7155 Oct 15  2019 tcpdf_autoconfig.php
  72 -rw-r--r--     1 wwwtefac wwwtefac   73406 Oct 15  2019 tcpdf_barcodes_1d.php
  16 -rw-r--r--     1 wwwtefac wwwtefac   14683 Oct 15  2019 tcpdf_barcodes_2d.php
   4 -rw-r--r--     1 wwwtefac wwwtefac    3327 Oct 15  2019 tcpdf_import.php
   4 -rw-r--r--     1 wwwtefac wwwtefac    1375 Oct 15  2019 tcpdf_include.php
  28 -rw-r--r--     1 wwwtefac wwwtefac   27636 Oct 15  2019 tcpdf_parser.php
 880 -rw-r--r--     1 wwwtefac wwwtefac  898934 Oct 15  2019 tcpdf.php
  64 -rw-r--r--     1 wwwtefac wwwtefac   62337 Oct 15  2019 template.php
   8 -rw-r--r--     1 wwwtefac wwwtefac    4816 Oct 15  2019 terceros11.xslt
   4 drwxr-xr-x     2 wwwtefac wwwtefac    4096 Jun 20 13:12 test_envio/
  44 -rw-r--r--     1 wwwtefac wwwtefac   44020 Apr 23  2023 timbrandoComplementoPago20_2.php
  44 -rw-r--r--     1 wwwtefac wwwtefac   41051 Mar 22  2022 timbrandoComplementoPago20_3.php
  36 -rw-r--r--     1 wwwtefac wwwtefac   33051 Jan  5  2022 timbrandoComplementoPagoOLD.php
  40 -rw-r--r--     1 wwwtefac wwwtefac   37154 Sep 26  2022 timbrandoComplementoPago.php
  32 -rw-r--r--     1 wwwtefac wwwtefac   31422 Jul 10  2022 timbrandoComplementoPagoV3_multiplesOLD2.php
  36 -rw-r--r--     1 wwwtefac wwwtefac   33119 Jun 13  2022 timbrandoComplementoPagoV3_multiplesOLD.php
  32 -rw-r--r--     1 wwwtefac wwwtefac   31424 Sep  6  2022 timbrandoComplementoPagoV3_multiples.php
  36 -rw-r--r--     1 wwwtefac wwwtefac   34731 Oct 15  2019 timbrandoFacturaGuardada.php
  28 -rw-r--r--     1 wwwtefac wwwtefac   28119 Oct 15  2019 timbrandoNomina.php
  36 -rw-r--r--     1 wwwtefac wwwtefac   35800 Mar  8  2022 timbrandoOLD2.php
  40 -rw-r--r--     1 wwwtefac wwwtefac   38541 Jun  4  2022 timbrandoOLD3.php
  40 -rw-r--r--     1 wwwtefac wwwtefac   38759 Feb 16  2023 timbrandoOLD4.php
  36 -rw-r--r--     1 wwwtefac wwwtefac   35690 Sep 26  2021 timbrandoOLD.php
  40 -rw-r--r--     1 wwwtefac wwwtefac   39194 Mar 17  2023 timbrando.php
  40 -rw-r--r--     1 wwwtefac wwwtefac   38726 Mar 16  2022 timbrandoV4MAL.php
  44 -rw-r--r--     1 wwwtefac wwwtefac   41663 May  2  2023 timbrandoV4OL13MAL.php
  40 -rw-r--r--     1 wwwtefac wwwtefac   40916 Mar 27  2023 timbrandoV4OLD10.php
  44 -rw-r--r--     1 wwwtefac wwwtefac   41041 Mar 28  2023 timbrandoV4OLD11.php
  44 -rw-r--r--     1 wwwtefac wwwtefac   41173 Mar 30  2023 timbrandoV4OLD12.php
  44 -rw-r--r--     1 wwwtefac wwwtefac   41223 Mar 30  2023 timbrandoV4OLD13.php
  44 -rw-r--r--     1 wwwtefac wwwtefac   42204 May  2  2023 timbrandoV4OLD14.php
  44 -rw-r--r--     1 wwwtefac wwwtefac   44104 May  5  2023 timbrandoV4OLD15MAL.php
  44 -rw-r--r--     1 wwwtefac wwwtefac   43717 May  5  2023 timbrandoV4OLD16.php
  44 -rw-r--r--     1 wwwtefac wwwtefac   43745 May 24  2023 timbrandoV4OLD17.php
  44 -rw-r--r--     1 wwwtefac wwwtefac   43843 Aug  2  2023 timbrandoV4.OLD18php
  44 -rw-r--r--     1 wwwtefac wwwtefac   44447 Oct 23  2023 timbrandoV4OLD19MAL.php
  44 -rw-r--r--     1 wwwtefac wwwtefac   44084 Aug 29  2023 timbrandoV4OLD19.php
  44 -rw-r--r--     1 wwwtefac wwwtefac   44084 Oct 23  2023 timbrandoV4OLD20.php
  48 -rw-r--r--     1 wwwtefac wwwtefac   45091 Oct 24  2023 timbrandoV4OLD21.php
  48 -rw-r--r--     1 wwwtefac wwwtefac   45091 Jun 14 17:00 timbrandoV4OLD22.php
  48 -rw-r--r--     1 wwwtefac wwwtefac   45068 Jun 17 13:03 timbrandoV4OLD23.php
  48 -rw-r--r--     1 wwwtefac wwwtefac   45875 Jun 17 14:45 timbrandoV4OLD24.php
  48 -rw-r--r--     1 wwwtefac wwwtefac   45762 Jun 17 15:32 timbrandoV4OLD25.php
  48 -rw-r--r--     1 wwwtefac wwwtefac   45769 Jun 17 16:52 timbrandoV4OLD26.php
  48 -rw-r--r--     1 wwwtefac wwwtefac   45771 Jun 17 17:44 timbrandoV4OLD27.php
  48 -rw-r--r--     1 wwwtefac wwwtefac   45783 Jun 18 13:50 timbrandoV4OLD28.php
  44 -rw-r--r--     1 wwwtefac wwwtefac   41324 Apr  5  2022 timbrandoV4OLD2.php
  44 -rw-r--r--     1 wwwtefac wwwtefac   41412 May  2  2022 timbrandoV4OLD3.php
  44 -rw-r--r--     1 wwwtefac wwwtefac   41606 Jun  4  2022 timbrandoV4OLD4.php
  48 -rw-r--r--     1 wwwtefac wwwtefac   45529 Mar 13  2023 timbrandoV4OLD5.php
  44 -rw-r--r--     1 wwwtefac wwwtefac   41026 Mar 27  2023 timbrandoV4old6.php
  48 -rw-r--r--     1 wwwtefac wwwtefac   45878 Mar 13  2023 timbrandoV4OLD6.php
  48 -rw-r--r--     1 wwwtefac wwwtefac   46316 Mar 15  2023 timbrandoV4OLD7.php
  48 -rw-r--r--     1 wwwtefac wwwtefac   46317 Mar 21  2023 timbrandoV4OLD8.php
  40 -rw-r--r--     1 wwwtefac wwwtefac   40723 Mar 24  2023 timbrandoV4OLD9.php
  44 -rw-r--r--     1 wwwtefac wwwtefac   41324 Apr 18  2022 timbrandoV4OLD.php
  48 -rw-r--r--     1 wwwtefac wwwtefac   45784 Jun 18 15:19 timbrandoV4.php
  40 -rw-r--r--     1 wwwtefac wwwtefac   36960 Mar 17  2023 timbrandoV4PRUEBA.php
  44 -rw-r--r--     1 wwwtefac wwwtefac   41112 Mar 18  2022 timbrandoV4TEST.php
  48 -rw-r--r--     1 wwwtefac wwwtefac   45824 Jun 18 15:14 timbrandoV4_UUID.php
  44 -rw-r--r--     1 wwwtefac wwwtefac   44491 Jul 25  2020 TimbrandoVenta.php
  28 -rw-r--r--     1 wwwtefac wwwtefac   26028 Jun 28  2022 TimbrandoVentaV4_2.php
  28 -rw-r--r--     1 wwwtefac wwwtefac   26347 Mar 17  2023 TimbrandoVentaV4.php
   4 -rw-r--r--     1 wwwtefac wwwtefac    1257 Oct 15  2019 timePicke-1.php
   4 -rw-r--r--     1 wwwtefac wwwtefac     832 Oct 15  2019 timePicke-2.php
   4 -rw-r--r--     1 wwwtefac wwwtefac    2198 Oct 15  2019 timePicker.php
  64 -rw-r--r--     1 wwwtefac wwwtefac   65288 Oct 15  2019 tour.php
   4 -rw-r--r--     1 wwwtefac wwwtefac    1931 Oct 15  2019 TuristaPasajeroExtranjero.xslt
  12 -rw-r--r--     1 wwwtefac wwwtefac    8609 Oct 15  2019 typeahead.js
  72 -rw-r--r--     1 wwwtefac wwwtefac   71411 Oct 15  2019 typo.php
  16 -rw-r--r--     1 wwwtefac wwwtefac   15502 Jan 18  2020 Untitled-4.html
  72 -rw-r--r--     1 wwwtefac wwwtefac   70520 Jan  7  2020 .user.ini
   4 -rw-r--r--     1 wwwtefac wwwtefac     920 Oct 15  2019 utilerias.xslt
   4 -rw-r--r--     1 wwwtefac wwwtefac    2806 Oct 15  2019 valesdedespensa.xslt
   4 -rw-r--r--     1 wwwtefac wwwtefac    3559 Feb 23  2022 ValoresCatalogoSinBD.php
   4 -rw-r--r--     1 wwwtefac wwwtefac    3029 Oct 15  2019 vehiculousado.xslt
   4 drwxr-xr-x    78 wwwtefac wwwtefac    4096 Jul 24  2020 vendor/
   4 -rw-r--r--     1 wwwtefac wwwtefac    1864 Oct 15  2019 ventavehiculos11.xslt
  12 -rw-r--r--     1 wwwtefac wwwtefac   11053 Oct 15  2019 VerDatosFiscales-2.php
  20 -rw-r--r--     1 wwwtefac wwwtefac   19790 Sep 13  2021 VerDatosFiscales.php
  32 -rw-r--r--     1 wwwtefac wwwtefac   31340 Jul 20  2020 verDatosRestaurante.php
   4 -rw-r--r--     1 wwwtefac wwwtefac    3487 May  1  2020 VerificaCancelar.php
   4 -rw-r--r--     1 wwwtefac wwwtefac    1971 Oct 15  2019 verificaFacturaFuncion.php
   4 -rw-r--r--     1 wwwtefac wwwtefac    1828 Oct 15  2019 verificaFactura.php
   4 -rw-r--r--     1 wwwtefac wwwtefac    2054 Oct 20  2019 VerificandoDatos2.php
   4 -rw-r--r--     1 wwwtefac wwwtefac    3306 Mar 15  2023 VerificandoDatosOLD2.php
   4 -rw-r--r--     1 wwwtefac wwwtefac    3213 Mar 31  2020 VerificandoDatosOLD.php
   4 -rw-r--r--     1 wwwtefac wwwtefac    3714 Jun 19 08:43 VerificandoDatos.php
   4 -rw-r--r--     1 wwwtefac wwwtefac    2304 Oct 15  2019 WebHookTimbrarRecibo.php
   4 drwxr-xr-x     4 wwwtefac wwwtefac    4096 Apr  6 11:01 .well-known/
   8 -rw-r--r--     1 wwwtefac wwwtefac    5532 Jun 13 12:13 widgets.php
   0 -rw-r--r--     1 wwwtefac wwwtefac       0 Oct 15  2019 xeditable.res
1752 drwxrwxrwx     2 wwwtefac wwwtefac 1789952 Jun 26 10:47 XMLCFDIEmitidos/
 160 drwxrwxrwx     2 wwwtefac wwwtefac  159744 Sep 13  2022 XMLCFDIRecibidos/
   4 drwxr-xr-x     2 wwwtefac wwwtefac    4096 Oct 15  2019 XMLCFDIRecibidosTemporal/
   4 drwxrwxrwx     7 wwwtefac wwwtefac    4096 Jul  4  2023 XMLCFDITemporal/
   8 -rw-r--r--     1 wwwtefac wwwtefac    5532 Jun 13 12:13 xmlP.php
   4 drwxrwxrwx    36 wwwtefac wwwtefac    4096 Apr  6  2020 XMLSAT/
   4 drwxr-xr-x     2 wwwtefac wwwtefac    4096 Apr  6  2020 XMLSATZIP/
3688 drwxrwxrwx     2 wwwtefac wwwtefac 3768320 Jun 26 10:47 XMLZip/
